#
# There is insufficient memory for the Java Runtime Environment to continue.
# Native memory allocation (malloc) failed to allocate 32744 bytes for ChunkPool::allocate
# Possible reasons:
#   The system is out of physical RAM or swap space
#   The process is running with CompressedOops enabled, and the Java Heap may be blocking the growth of the native heap
# Possible solutions:
#   Reduce memory load on the system
#   Increase physical memory or swap space
#   Check if swap backing store is full
#   Decrease Java heap size (-Xmx/-Xms)
#   Decrease number of Java threads
#   Decrease Java thread stack sizes (-Xss)
#   Set larger code cache with -XX:ReservedCodeCacheSize=
#   JVM is running with Zero Based Compressed Oops mode in which the Java heap is
#     placed in the first 32GB address space. The Java Heap base address is the
#     maximum limit for the native heap growth. Please use -XX:HeapBaseMinAddress
#     to set the Java Heap base and to place the Java Heap above 32GB virtual address.
# This output file may be truncated or incomplete.
#
#  Out of Memory Error (arena.cpp:79), pid=12348, tid=12828
#
# JRE version: OpenJDK Runtime Environment (17.0.9) (build 17.0.9+0--11185874)
# Java VM: OpenJDK 64-Bit Server VM (17.0.9+0--11185874, mixed mode, tiered, compressed oops, compressed class ptrs, g1 gc, windows-amd64)
# No core dump will be written. Minidumps are not enabled by default on client versions of Windows
#

---------------  S U M M A R Y ------------

Command Line: -Dorg.gradle.appname=gradlew org.gradle.wrapper.GradleWrapperMain -q -Ptarget-platform=android-arm,android-arm64,android-x64 -Ptarget=lib\main.dart -Pbase-application-name=android.app.Application -Pdart-obfuscation=false -Ptrack-widget-creation=true -Ptree-shake-icons=true bundleRelease

Host: Intel(R) Core(TM) i7-3537U CPU @ 2.00GHz, 4 cores, 11G,  Windows 10 , 64 bit Build 17134 (10.0.17134.1)
Time: Sun Sep 22 20:31:44 2024 Egypt Standard Time elapsed time: 355.019755 seconds (0d 0h 5m 55s)

---------------  T H R E A D  ---------------

Current thread (0x0000024d77061260):  JavaThread "C2 CompilerThread0" daemon [_thread_in_native, id=12828, stack(0x0000007ff8f00000,0x0000007ff9000000)]


Current CompileTask:
C2: 355019 1463       4       org.gradle.internal.logging.text.AbstractLineChoppingStyledTextOutput$1::execute (9 bytes)

Stack: [0x0000007ff8f00000,0x0000007ff9000000]
Native frames: (J=compiled Java code, j=interpreted, Vv=VM code, C=native code)
V  [jvm.dll+0x6886e9]
V  [jvm.dll+0x841e4a]
V  [jvm.dll+0x843a8e]
V  [jvm.dll+0x8440f3]
V  [jvm.dll+0x24c14f]
V  [jvm.dll+0xac66c]
V  [jvm.dll+0xaca9c]
V  [jvm.dll+0x11fe78]
V  [jvm.dll+0x6b20d9]
V  [jvm.dll+0x1be76e]
V  [jvm.dll+0x21df09]
V  [jvm.dll+0x21d1d1]
V  [jvm.dll+0x1a674d]
V  [jvm.dll+0x22d088]
V  [jvm.dll+0x22b1c0]
V  [jvm.dll+0x7f62f7]
V  [jvm.dll+0x7f06aa]
V  [jvm.dll+0x687565]
C  [ucrtbase.dll+0x1c4be]
C  [KERNEL32.DLL+0x13034]
C  [ntdll.dll+0x71431]


---------------  P R O C E S S  ---------------

Threads class SMR info:
_java_thread_list=0x0000024d77f1e4a0, length=15, elements={
0x0000024d57152510, 0x0000024d72c74dc0, 0x0000024d72c75760, 0x0000024d7704f420,
0x0000024d77050b70, 0x0000024d77051050, 0x0000024d77051530, 0x0000024d77061260,
0x0000024d77061830, 0x0000024d7706ad50, 0x0000024d771be480, 0x0000024d771c5030,
0x0000024d7779aff0, 0x0000024d77e74c80, 0x0000024d77f1f3d0
}

Java Threads: ( => current thread )
  0x0000024d57152510 JavaThread "main" [_thread_in_native, id=1296, stack(0x0000007ff8200000,0x0000007ff8300000)]
  0x0000024d72c74dc0 JavaThread "Reference Handler" daemon [_thread_blocked, id=13012, stack(0x0000007ff8900000,0x0000007ff8a00000)]
  0x0000024d72c75760 JavaThread "Finalizer" daemon [_thread_blocked, id=11496, stack(0x0000007ff8a00000,0x0000007ff8b00000)]
  0x0000024d7704f420 JavaThread "Signal Dispatcher" daemon [_thread_blocked, id=11124, stack(0x0000007ff8b00000,0x0000007ff8c00000)]
  0x0000024d77050b70 JavaThread "Attach Listener" daemon [_thread_blocked, id=2772, stack(0x0000007ff8c00000,0x0000007ff8d00000)]
  0x0000024d77051050 JavaThread "Service Thread" daemon [_thread_blocked, id=11428, stack(0x0000007ff8d00000,0x0000007ff8e00000)]
  0x0000024d77051530 JavaThread "Monitor Deflation Thread" daemon [_thread_blocked, id=4992, stack(0x0000007ff8e00000,0x0000007ff8f00000)]
=>0x0000024d77061260 JavaThread "C2 CompilerThread0" daemon [_thread_in_native, id=12828, stack(0x0000007ff8f00000,0x0000007ff9000000)]
  0x0000024d77061830 JavaThread "C1 CompilerThread0" daemon [_thread_blocked, id=9172, stack(0x0000007ff9000000,0x0000007ff9100000)]
  0x0000024d7706ad50 JavaThread "Sweeper thread" daemon [_thread_blocked, id=8320, stack(0x0000007ff9100000,0x0000007ff9200000)]
  0x0000024d771be480 JavaThread "Notification Thread" daemon [_thread_blocked, id=8680, stack(0x0000007ff9200000,0x0000007ff9300000)]
  0x0000024d771c5030 JavaThread "Common-Cleaner" daemon [_thread_blocked, id=12840, stack(0x0000007ff9400000,0x0000007ff9500000)]
  0x0000024d7779aff0 JavaThread "pool-1-thread-1" [_thread_in_native, id=4684, stack(0x0000007ff9900000,0x0000007ff9a00000)]
  0x0000024d77e74c80 JavaThread "DisconnectableInputStream source reader" daemon [_thread_in_native, id=4176, stack(0x0000007ff9a00000,0x0000007ff9b00000)]
  0x0000024d77f1f3d0 JavaThread "Forward input" [_thread_blocked, id=13104, stack(0x0000007ff9b00000,0x0000007ff9c00000)]

Other Threads:
  0x0000024d7701d850 VMThread "VM Thread" [stack: 0x0000007ff8800000,0x0000007ff8900000] [id=11944]
  0x0000024d771c4980 WatcherThread [stack: 0x0000007ff9300000,0x0000007ff9400000] [id=1656]
  0x0000024d571ae880 GCTaskThread "GC Thread#0" [stack: 0x0000007ff8300000,0x0000007ff8400000] [id=13228]
  0x0000024d77876520 GCTaskThread "GC Thread#1" [stack: 0x0000007ff9600000,0x0000007ff9700000] [id=12456]
  0x0000024d77453310 GCTaskThread "GC Thread#2" [stack: 0x0000007ff9700000,0x0000007ff9800000] [id=13272]
  0x0000024d77897b60 GCTaskThread "GC Thread#3" [stack: 0x0000007ff9800000,0x0000007ff9900000] [id=4872]
  0x0000024d571bc530 ConcurrentGCThread "G1 Main Marker" [stack: 0x0000007ff8400000,0x0000007ff8500000] [id=9708]
  0x0000024d571bda20 ConcurrentGCThread "G1 Conc#0" [stack: 0x0000007ff8500000,0x0000007ff8600000] [id=11728]
  0x0000024d571fc0f0 ConcurrentGCThread "G1 Refine#0" [stack: 0x0000007ff8600000,0x0000007ff8700000] [id=10860]
  0x0000024d571fe650 ConcurrentGCThread "G1 Service" [stack: 0x0000007ff8700000,0x0000007ff8800000] [id=9272]

Threads with active compile tasks:
C2 CompilerThread0   355053 1463       4       org.gradle.internal.logging.text.AbstractLineChoppingStyledTextOutput$1::execute (9 bytes)

VM state: not at safepoint (normal execution)

VM Mutex/Monitor currently owned by a thread: None

Heap address: 0x0000000741c00000, size: 3044 MB, Compressed Oops mode: Zero based, Oop shift amount: 3

CDS archive(s) not mapped
Compressed class space mapped at: 0x0000000800000000-0x0000000840000000, reserved size: 1073741824
Narrow klass base: 0x0000000800000000, Narrow klass shift: 0, Narrow klass range: 0x40000000

GC Precious Log:
 CPUs: 4 total, 4 available
 Memory: 12175M
 Large Page Support: Disabled
 NUMA Support: Disabled
 Compressed Oops: Enabled (Zero based)
 Heap Region Size: 2M
 Heap Min Capacity: 8M
 Heap Initial Capacity: 192M
 Heap Max Capacity: 3044M
 Pre-touch: Disabled
 Parallel Workers: 4
 Concurrent Workers: 1
 Concurrent Refinement Workers: 4
 Periodic GC: Disabled

Heap:
 garbage-first heap   total 196608K, used 20914K [0x0000000741c00000, 0x0000000800000000)
  region size 2048K, 7 young (14336K), 1 survivors (2048K)
 Metaspace       used 16159K, committed 16384K, reserved 1114112K
  class space    used 1868K, committed 1984K, reserved 1048576K

Heap Regions: E=young(eden), S=young(survivor), O=old, HS=humongous(starts), HC=humongous(continues), CS=collection set, F=free, OA=open archive, CA=closed archive, TAMS=top-at-mark-start (previous, next)
|   0|0x0000000741c00000, 0x0000000741e00000, 0x0000000741e00000|100%|HS|  |TAMS 0x0000000741c00000, 0x0000000741c00000| Complete 
|   1|0x0000000741e00000, 0x0000000742000000, 0x0000000742000000|100%|HC|  |TAMS 0x0000000741e00000, 0x0000000741e00000| Complete 
|   2|0x0000000742000000, 0x0000000742200000, 0x0000000742200000|100%| O|  |TAMS 0x0000000742000000, 0x0000000742000000| Untracked 
|   3|0x0000000742200000, 0x0000000742400000, 0x0000000742400000|100%| O|  |TAMS 0x0000000742200000, 0x0000000742200000| Untracked 
|   4|0x0000000742400000, 0x000000074246c800, 0x0000000742600000| 21%| O|  |TAMS 0x0000000742400000, 0x0000000742400000| Untracked 
|   5|0x0000000742600000, 0x0000000742600000, 0x0000000742800000|  0%| F|  |TAMS 0x0000000742600000, 0x0000000742600000| Untracked 
|   6|0x0000000742800000, 0x0000000742800000, 0x0000000742a00000|  0%| F|  |TAMS 0x0000000742800000, 0x0000000742800000| Untracked 
|   7|0x0000000742a00000, 0x0000000742a00000, 0x0000000742c00000|  0%| F|  |TAMS 0x0000000742a00000, 0x0000000742a00000| Untracked 
|   8|0x0000000742c00000, 0x0000000742c00000, 0x0000000742e00000|  0%| F|  |TAMS 0x0000000742c00000, 0x0000000742c00000| Untracked 
|   9|0x0000000742e00000, 0x0000000742e00000, 0x0000000743000000|  0%| F|  |TAMS 0x0000000742e00000, 0x0000000742e00000| Untracked 
|  10|0x0000000743000000, 0x0000000743000000, 0x0000000743200000|  0%| F|  |TAMS 0x0000000743000000, 0x0000000743000000| Untracked 
|  11|0x0000000743200000, 0x0000000743200000, 0x0000000743400000|  0%| F|  |TAMS 0x0000000743200000, 0x0000000743200000| Untracked 
|  12|0x0000000743400000, 0x0000000743400000, 0x0000000743600000|  0%| F|  |TAMS 0x0000000743400000, 0x0000000743400000| Untracked 
|  13|0x0000000743600000, 0x0000000743600000, 0x0000000743800000|  0%| F|  |TAMS 0x0000000743600000, 0x0000000743600000| Untracked 
|  14|0x0000000743800000, 0x0000000743800000, 0x0000000743a00000|  0%| F|  |TAMS 0x0000000743800000, 0x0000000743800000| Untracked 
|  15|0x0000000743a00000, 0x0000000743a00000, 0x0000000743c00000|  0%| F|  |TAMS 0x0000000743a00000, 0x0000000743a00000| Untracked 
|  16|0x0000000743c00000, 0x0000000743c00000, 0x0000000743e00000|  0%| F|  |TAMS 0x0000000743c00000, 0x0000000743c00000| Untracked 
|  17|0x0000000743e00000, 0x0000000743e00000, 0x0000000744000000|  0%| F|  |TAMS 0x0000000743e00000, 0x0000000743e00000| Untracked 
|  18|0x0000000744000000, 0x0000000744000000, 0x0000000744200000|  0%| F|  |TAMS 0x0000000744000000, 0x0000000744000000| Untracked 
|  19|0x0000000744200000, 0x0000000744200000, 0x0000000744400000|  0%| F|  |TAMS 0x0000000744200000, 0x0000000744200000| Untracked 
|  20|0x0000000744400000, 0x0000000744400000, 0x0000000744600000|  0%| F|  |TAMS 0x0000000744400000, 0x0000000744400000| Untracked 
|  21|0x0000000744600000, 0x0000000744600000, 0x0000000744800000|  0%| F|  |TAMS 0x0000000744600000, 0x0000000744600000| Untracked 
|  22|0x0000000744800000, 0x0000000744800000, 0x0000000744a00000|  0%| F|  |TAMS 0x0000000744800000, 0x0000000744800000| Untracked 
|  23|0x0000000744a00000, 0x0000000744a00000, 0x0000000744c00000|  0%| F|  |TAMS 0x0000000744a00000, 0x0000000744a00000| Untracked 
|  24|0x0000000744c00000, 0x0000000744c00000, 0x0000000744e00000|  0%| F|  |TAMS 0x0000000744c00000, 0x0000000744c00000| Untracked 
|  25|0x0000000744e00000, 0x0000000744e00000, 0x0000000745000000|  0%| F|  |TAMS 0x0000000744e00000, 0x0000000744e00000| Untracked 
|  26|0x0000000745000000, 0x0000000745000000, 0x0000000745200000|  0%| F|  |TAMS 0x0000000745000000, 0x0000000745000000| Untracked 
|  27|0x0000000745200000, 0x0000000745200000, 0x0000000745400000|  0%| F|  |TAMS 0x0000000745200000, 0x0000000745200000| Untracked 
|  28|0x0000000745400000, 0x0000000745400000, 0x0000000745600000|  0%| F|  |TAMS 0x0000000745400000, 0x0000000745400000| Untracked 
|  29|0x0000000745600000, 0x0000000745600000, 0x0000000745800000|  0%| F|  |TAMS 0x0000000745600000, 0x0000000745600000| Untracked 
|  30|0x0000000745800000, 0x0000000745800000, 0x0000000745a00000|  0%| F|  |TAMS 0x0000000745800000, 0x0000000745800000| Untracked 
|  31|0x0000000745a00000, 0x0000000745a00000, 0x0000000745c00000|  0%| F|  |TAMS 0x0000000745a00000, 0x0000000745a00000| Untracked 
|  32|0x0000000745c00000, 0x0000000745c00000, 0x0000000745e00000|  0%| F|  |TAMS 0x0000000745c00000, 0x0000000745c00000| Untracked 
|  33|0x0000000745e00000, 0x0000000745e00000, 0x0000000746000000|  0%| F|  |TAMS 0x0000000745e00000, 0x0000000745e00000| Untracked 
|  34|0x0000000746000000, 0x0000000746000000, 0x0000000746200000|  0%| F|  |TAMS 0x0000000746000000, 0x0000000746000000| Untracked 
|  35|0x0000000746200000, 0x0000000746200000, 0x0000000746400000|  0%| F|  |TAMS 0x0000000746200000, 0x0000000746200000| Untracked 
|  36|0x0000000746400000, 0x0000000746400000, 0x0000000746600000|  0%| F|  |TAMS 0x0000000746400000, 0x0000000746400000| Untracked 
|  37|0x0000000746600000, 0x0000000746600000, 0x0000000746800000|  0%| F|  |TAMS 0x0000000746600000, 0x0000000746600000| Untracked 
|  38|0x0000000746800000, 0x0000000746800000, 0x0000000746a00000|  0%| F|  |TAMS 0x0000000746800000, 0x0000000746800000| Untracked 
|  39|0x0000000746a00000, 0x0000000746a00000, 0x0000000746c00000|  0%| F|  |TAMS 0x0000000746a00000, 0x0000000746a00000| Untracked 
|  40|0x0000000746c00000, 0x0000000746c00000, 0x0000000746e00000|  0%| F|  |TAMS 0x0000000746c00000, 0x0000000746c00000| Untracked 
|  41|0x0000000746e00000, 0x0000000746e00000, 0x0000000747000000|  0%| F|  |TAMS 0x0000000746e00000, 0x0000000746e00000| Untracked 
|  42|0x0000000747000000, 0x0000000747000000, 0x0000000747200000|  0%| F|  |TAMS 0x0000000747000000, 0x0000000747000000| Untracked 
|  43|0x0000000747200000, 0x0000000747200000, 0x0000000747400000|  0%| F|  |TAMS 0x0000000747200000, 0x0000000747200000| Untracked 
|  44|0x0000000747400000, 0x0000000747400000, 0x0000000747600000|  0%| F|  |TAMS 0x0000000747400000, 0x0000000747400000| Untracked 
|  45|0x0000000747600000, 0x0000000747600000, 0x0000000747800000|  0%| F|  |TAMS 0x0000000747600000, 0x0000000747600000| Untracked 
|  46|0x0000000747800000, 0x0000000747800000, 0x0000000747a00000|  0%| F|  |TAMS 0x0000000747800000, 0x0000000747800000| Untracked 
|  47|0x0000000747a00000, 0x0000000747a00000, 0x0000000747c00000|  0%| F|  |TAMS 0x0000000747a00000, 0x0000000747a00000| Untracked 
|  48|0x0000000747c00000, 0x0000000747c00000, 0x0000000747e00000|  0%| F|  |TAMS 0x0000000747c00000, 0x0000000747c00000| Untracked 
|  49|0x0000000747e00000, 0x0000000747e00000, 0x0000000748000000|  0%| F|  |TAMS 0x0000000747e00000, 0x0000000747e00000| Untracked 
|  50|0x0000000748000000, 0x0000000748000000, 0x0000000748200000|  0%| F|  |TAMS 0x0000000748000000, 0x0000000748000000| Untracked 
|  51|0x0000000748200000, 0x0000000748200000, 0x0000000748400000|  0%| F|  |TAMS 0x0000000748200000, 0x0000000748200000| Untracked 
|  52|0x0000000748400000, 0x0000000748400000, 0x0000000748600000|  0%| F|  |TAMS 0x0000000748400000, 0x0000000748400000| Untracked 
|  53|0x0000000748600000, 0x0000000748600000, 0x0000000748800000|  0%| F|  |TAMS 0x0000000748600000, 0x0000000748600000| Untracked 
|  54|0x0000000748800000, 0x0000000748800000, 0x0000000748a00000|  0%| F|  |TAMS 0x0000000748800000, 0x0000000748800000| Untracked 
|  55|0x0000000748a00000, 0x0000000748a00000, 0x0000000748c00000|  0%| F|  |TAMS 0x0000000748a00000, 0x0000000748a00000| Untracked 
|  56|0x0000000748c00000, 0x0000000748c00000, 0x0000000748e00000|  0%| F|  |TAMS 0x0000000748c00000, 0x0000000748c00000| Untracked 
|  57|0x0000000748e00000, 0x0000000748e00000, 0x0000000749000000|  0%| F|  |TAMS 0x0000000748e00000, 0x0000000748e00000| Untracked 
|  58|0x0000000749000000, 0x0000000749000000, 0x0000000749200000|  0%| F|  |TAMS 0x0000000749000000, 0x0000000749000000| Untracked 
|  59|0x0000000749200000, 0x0000000749200000, 0x0000000749400000|  0%| F|  |TAMS 0x0000000749200000, 0x0000000749200000| Untracked 
|  60|0x0000000749400000, 0x0000000749400000, 0x0000000749600000|  0%| F|  |TAMS 0x0000000749400000, 0x0000000749400000| Untracked 
|  61|0x0000000749600000, 0x0000000749600000, 0x0000000749800000|  0%| F|  |TAMS 0x0000000749600000, 0x0000000749600000| Untracked 
|  62|0x0000000749800000, 0x0000000749800000, 0x0000000749a00000|  0%| F|  |TAMS 0x0000000749800000, 0x0000000749800000| Untracked 
|  63|0x0000000749a00000, 0x0000000749a00000, 0x0000000749c00000|  0%| F|  |TAMS 0x0000000749a00000, 0x0000000749a00000| Untracked 
|  64|0x0000000749c00000, 0x0000000749c00000, 0x0000000749e00000|  0%| F|  |TAMS 0x0000000749c00000, 0x0000000749c00000| Untracked 
|  65|0x0000000749e00000, 0x0000000749e00000, 0x000000074a000000|  0%| F|  |TAMS 0x0000000749e00000, 0x0000000749e00000| Untracked 
|  66|0x000000074a000000, 0x000000074a000000, 0x000000074a200000|  0%| F|  |TAMS 0x000000074a000000, 0x000000074a000000| Untracked 
|  67|0x000000074a200000, 0x000000074a200000, 0x000000074a400000|  0%| F|  |TAMS 0x000000074a200000, 0x000000074a200000| Untracked 
|  68|0x000000074a400000, 0x000000074a400000, 0x000000074a600000|  0%| F|  |TAMS 0x000000074a400000, 0x000000074a400000| Untracked 
|  69|0x000000074a600000, 0x000000074a600000, 0x000000074a800000|  0%| F|  |TAMS 0x000000074a600000, 0x000000074a600000| Untracked 
|  70|0x000000074a800000, 0x000000074a800000, 0x000000074aa00000|  0%| F|  |TAMS 0x000000074a800000, 0x000000074a800000| Untracked 
|  71|0x000000074aa00000, 0x000000074aa00000, 0x000000074ac00000|  0%| F|  |TAMS 0x000000074aa00000, 0x000000074aa00000| Untracked 
|  72|0x000000074ac00000, 0x000000074ac00000, 0x000000074ae00000|  0%| F|  |TAMS 0x000000074ac00000, 0x000000074ac00000| Untracked 
|  73|0x000000074ae00000, 0x000000074ae00000, 0x000000074b000000|  0%| F|  |TAMS 0x000000074ae00000, 0x000000074ae00000| Untracked 
|  74|0x000000074b000000, 0x000000074b000000, 0x000000074b200000|  0%| F|  |TAMS 0x000000074b000000, 0x000000074b000000| Untracked 
|  75|0x000000074b200000, 0x000000074b200000, 0x000000074b400000|  0%| F|  |TAMS 0x000000074b200000, 0x000000074b200000| Untracked 
|  76|0x000000074b400000, 0x000000074b400000, 0x000000074b600000|  0%| F|  |TAMS 0x000000074b400000, 0x000000074b400000| Untracked 
|  77|0x000000074b600000, 0x000000074b600000, 0x000000074b800000|  0%| F|  |TAMS 0x000000074b600000, 0x000000074b600000| Untracked 
|  78|0x000000074b800000, 0x000000074b800000, 0x000000074ba00000|  0%| F|  |TAMS 0x000000074b800000, 0x000000074b800000| Untracked 
|  79|0x000000074ba00000, 0x000000074ba00000, 0x000000074bc00000|  0%| F|  |TAMS 0x000000074ba00000, 0x000000074ba00000| Untracked 
|  80|0x000000074bc00000, 0x000000074bc00000, 0x000000074be00000|  0%| F|  |TAMS 0x000000074bc00000, 0x000000074bc00000| Untracked 
|  81|0x000000074be00000, 0x000000074be00000, 0x000000074c000000|  0%| F|  |TAMS 0x000000074be00000, 0x000000074be00000| Untracked 
|  82|0x000000074c000000, 0x000000074c000000, 0x000000074c200000|  0%| F|  |TAMS 0x000000074c000000, 0x000000074c000000| Untracked 
|  83|0x000000074c200000, 0x000000074c200000, 0x000000074c400000|  0%| F|  |TAMS 0x000000074c200000, 0x000000074c200000| Untracked 
|  84|0x000000074c400000, 0x000000074c400000, 0x000000074c600000|  0%| F|  |TAMS 0x000000074c400000, 0x000000074c400000| Untracked 
|  85|0x000000074c600000, 0x000000074c600000, 0x000000074c800000|  0%| F|  |TAMS 0x000000074c600000, 0x000000074c600000| Untracked 
|  86|0x000000074c800000, 0x000000074c800000, 0x000000074ca00000|  0%| F|  |TAMS 0x000000074c800000, 0x000000074c800000| Untracked 
|  87|0x000000074ca00000, 0x000000074cc00000, 0x000000074cc00000|100%| S|CS|TAMS 0x000000074ca00000, 0x000000074ca00000| Complete 
|  88|0x000000074cc00000, 0x000000074cc00000, 0x000000074ce00000|  0%| F|  |TAMS 0x000000074cc00000, 0x000000074cc00000| Untracked 
|  89|0x000000074ce00000, 0x000000074ce00000, 0x000000074d000000|  0%| F|  |TAMS 0x000000074ce00000, 0x000000074ce00000| Untracked 
|  90|0x000000074d000000, 0x000000074d09a238, 0x000000074d200000| 30%| E|  |TAMS 0x000000074d000000, 0x000000074d000000| Complete 
|  91|0x000000074d200000, 0x000000074d400000, 0x000000074d400000|100%| E|CS|TAMS 0x000000074d200000, 0x000000074d200000| Complete 
|  92|0x000000074d400000, 0x000000074d600000, 0x000000074d600000|100%| E|CS|TAMS 0x000000074d400000, 0x000000074d400000| Complete 
|  93|0x000000074d600000, 0x000000074d800000, 0x000000074d800000|100%| E|CS|TAMS 0x000000074d600000, 0x000000074d600000| Complete 
|  94|0x000000074d800000, 0x000000074da00000, 0x000000074da00000|100%| E|CS|TAMS 0x000000074d800000, 0x000000074d800000| Complete 
|  95|0x000000074da00000, 0x000000074dc00000, 0x000000074dc00000|100%| E|CS|TAMS 0x000000074da00000, 0x000000074da00000| Complete 

Card table byte_map: [0x0000024d69c30000,0x0000024d6a230000] _byte_map_base: 0x0000024d66222000

Marking Bits (Prev, Next): (CMBitMap*) 0x0000024d571afdc0, (CMBitMap*) 0x0000024d571afe00
 Prev Bits: [0x0000024d6a830000, 0x0000024d6d7c0000)
 Next Bits: [0x0000024d6d7c0000, 0x0000024d70750000)

Polling page: 0x0000024d54fd0000

Metaspace:

Usage:
  Non-class:     13.96 MB used.
      Class:      1.82 MB used.
       Both:     15.78 MB used.

Virtual space:
  Non-class space:       64.00 MB reserved,      14.06 MB ( 22%) committed,  1 nodes.
      Class space:        1.00 GB reserved,       1.94 MB ( <1%) committed,  1 nodes.
             Both:        1.06 GB reserved,      16.00 MB (  1%) committed. 

Chunk freelists:
   Non-Class:  1.98 MB
       Class:  14.05 MB
        Both:  16.03 MB

MaxMetaspaceSize: unlimited
CompressedClassSpaceSize: 1.00 GB
Initial GC threshold: 21.00 MB
Current GC threshold: 21.00 MB
CDS: off
MetaspaceReclaimPolicy: balanced
 - commit_granule_bytes: 65536.
 - commit_granule_words: 8192.
 - virtual_space_node_default_size: 8388608.
 - enlarge_chunks_in_place: 1.
 - new_chunks_are_fully_committed: 0.
 - uncommit_free_chunks: 1.
 - use_allocation_guard: 0.
 - handle_deallocations: 1.


Internal statistics:

num_allocs_failed_limit: 0.
num_arena_births: 76.
num_arena_deaths: 0.
num_vsnodes_births: 2.
num_vsnodes_deaths: 0.
num_space_committed: 256.
num_space_uncommitted: 0.
num_chunks_returned_to_freelist: 0.
num_chunks_taken_from_freelist: 312.
num_chunk_merges: 0.
num_chunk_splits: 199.
num_chunks_enlarged: 156.
num_inconsistent_stats: 0.

CodeHeap 'non-profiled nmethods': size=120000Kb used=555Kb max_used=555Kb free=119444Kb
 bounds [0x0000024d62100000, 0x0000024d62370000, 0x0000024d69630000]
CodeHeap 'profiled nmethods': size=120000Kb used=2685Kb max_used=2685Kb free=117314Kb
 bounds [0x0000024d5a630000, 0x0000024d5a8d0000, 0x0000024d61b60000]
CodeHeap 'non-nmethods': size=5760Kb used=1163Kb max_used=1180Kb free=4597Kb
 bounds [0x0000024d61b60000, 0x0000024d61dd0000, 0x0000024d62100000]
 total_blobs=1920 nmethods=1462 adapters=371
 compilation: enabled
              stopped_count=0, restarted_count=0
 full_count=0

Compilation events (20 events):
Event: 354.871 Thread 0x0000024d77061260 1454       4       org.gradle.internal.logging.text.AbstractLineChoppingStyledTextOutput$StateContext::isCurrentCharEquals (70 bytes)
Event: 354.872 Thread 0x0000024d77061830 nmethod 1453 0x0000024d5a8cd090 code [0x0000024d5a8cd280, 0x0000024d5a8cd6f8]
Event: 354.872 Thread 0x0000024d77061830 1455       3       java.nio.ByteBuffer::position (6 bytes)
Event: 354.872 Thread 0x0000024d77061830 nmethod 1455 0x0000024d5a8cd910 code [0x0000024d5a8cdac0, 0x0000024d5a8cdc88]
Event: 354.875 Thread 0x0000024d77061260 nmethod 1454 0x0000024d6218a190 code [0x0000024d6218a320, 0x0000024d6218a4a8]
Event: 354.896 Thread 0x0000024d77061830 1456       3       org.gradle.internal.logging.text.AbstractStyledTextOutput::style (20 bytes)
Event: 354.896 Thread 0x0000024d77061830 nmethod 1456 0x0000024d5a8cdd10 code [0x0000024d5a8cdec0, 0x0000024d5a8ce148]
Event: 354.896 Thread 0x0000024d77061830 1457       3       java.lang.StringCoding::implEncodeAsciiArray (47 bytes)
Event: 354.897 Thread 0x0000024d77061830 nmethod 1457 0x0000024d5a8ce210 code [0x0000024d5a8ce3c0, 0x0000024d5a8ce618]
Event: 354.997 Thread 0x0000024d77061830 1458       3       java.io.BufferedOutputStream::flushBuffer (29 bytes)
Event: 354.997 Thread 0x0000024d77061260 1459       4       org.gradle.internal.logging.text.AbstractLineChoppingStyledTextOutput$StateContext::hasChar (25 bytes)
Event: 354.997 Thread 0x0000024d77061830 nmethod 1458 0x0000024d5a8ce790 code [0x0000024d5a8ce940, 0x0000024d5a8ceb88]
Event: 354.997 Thread 0x0000024d77061830 1460       3       sun.nio.cs.StreamEncoder::ensureOpen (18 bytes)
Event: 354.997 Thread 0x0000024d77061830 nmethod 1460 0x0000024d5a8cec90 code [0x0000024d5a8cee40, 0x0000024d5a8cf068]
Event: 354.997 Thread 0x0000024d77061830 1461       3       java.io.PrintStream::ensureOpen (18 bytes)
Event: 354.998 Thread 0x0000024d77061830 nmethod 1461 0x0000024d5a8cf190 code [0x0000024d5a8cf340, 0x0000024d5a8cf568]
Event: 354.998 Thread 0x0000024d77061260 nmethod 1459 0x0000024d6218a690 code [0x0000024d6218a800, 0x0000024d6218a898]
Event: 354.998 Thread 0x0000024d77061260 1462       4       org.gradle.internal.logging.text.AbstractLineChoppingStyledTextOutput$StateContext::setState (10 bytes)
Event: 355.000 Thread 0x0000024d77061260 nmethod 1462 0x0000024d6218a990 code [0x0000024d6218ab00, 0x0000024d6218ac58]
Event: 355.001 Thread 0x0000024d77061260 1463       4       org.gradle.internal.logging.text.AbstractLineChoppingStyledTextOutput$1::execute (9 bytes)

GC Heap History (4 events):
Event: 0.576 GC heap before
{Heap before GC invocations=0 (full 0):
 garbage-first heap   total 196608K, used 16384K [0x0000000741c00000, 0x0000000800000000)
  region size 2048K, 6 young (12288K), 0 survivors (0K)
 Metaspace       used 8310K, committed 8384K, reserved 1114112K
  class space    used 724K, committed 768K, reserved 1048576K
}
Event: 0.580 GC heap after
{Heap after GC invocations=1 (full 0):
 garbage-first heap   total 196608K, used 2784K [0x0000000741c00000, 0x0000000800000000)
  region size 2048K, 1 young (2048K), 1 survivors (2048K)
 Metaspace       used 8310K, committed 8384K, reserved 1114112K
  class space    used 724K, committed 768K, reserved 1048576K
}
Event: 1.081 GC heap before
{Heap before GC invocations=1 (full 0):
 garbage-first heap   total 196608K, used 19168K [0x0000000741c00000, 0x0000000800000000)
  region size 2048K, 8 young (16384K), 1 survivors (2048K)
 Metaspace       used 12248K, committed 12416K, reserved 1114112K
  class space    used 1352K, committed 1408K, reserved 1048576K
}
Event: 1.084 GC heap after
{Heap after GC invocations=2 (full 0):
 garbage-first heap   total 196608K, used 10674K [0x0000000741c00000, 0x0000000800000000)
  region size 2048K, 1 young (2048K), 1 survivors (2048K)
 Metaspace       used 12248K, committed 12416K, reserved 1114112K
  class space    used 1352K, committed 1408K, reserved 1048576K
}

Dll operation events (2 events):
Event: 0.006 Loaded shared library C:\Program Files\Android\Android Studio1\jbr\bin\java.dll
Event: 0.128 Loaded shared library C:\Program Files\Android\Android Studio1\jbr\bin\verify.dll

Deoptimization events (20 events):
Event: 2.668 Thread 0x0000024d7779aff0 DEOPT PACKING pc=0x0000024d621380ec sp=0x0000007ff99feca0
Event: 2.668 Thread 0x0000024d7779aff0 DEOPT UNPACKING pc=0x0000024d61bb69a3 sp=0x0000007ff99fec70 mode 2
Event: 2.669 Thread 0x0000024d7779aff0 Uncommon trap: trap_request=0xffffff45 fr.pc=0x0000024d621193b0 relative=0x0000000000000210
Event: 2.669 Thread 0x0000024d7779aff0 Uncommon trap: reason=unstable_if action=reinterpret pc=0x0000024d621193b0 method=java.lang.String.isLatin1()Z @ 10 c2
Event: 2.669 Thread 0x0000024d7779aff0 DEOPT PACKING pc=0x0000024d621193b0 sp=0x0000007ff99fe950
Event: 2.669 Thread 0x0000024d7779aff0 DEOPT UNPACKING pc=0x0000024d61bb69a3 sp=0x0000007ff99fe8b0 mode 2
Event: 2.687 Thread 0x0000024d7779aff0 Uncommon trap: trap_request=0xffffff45 fr.pc=0x0000024d62108ddc relative=0x000000000000005c
Event: 2.687 Thread 0x0000024d7779aff0 Uncommon trap: reason=unstable_if action=reinterpret pc=0x0000024d62108ddc method=java.lang.String.isLatin1()Z @ 10 c2
Event: 2.687 Thread 0x0000024d7779aff0 DEOPT PACKING pc=0x0000024d62108ddc sp=0x0000007ff99fed50
Event: 2.687 Thread 0x0000024d7779aff0 DEOPT UNPACKING pc=0x0000024d61bb69a3 sp=0x0000007ff99fece0 mode 2
Event: 4.797 Thread 0x0000024d57152510 DEOPT PACKING pc=0x0000024d5a84ab7e sp=0x0000007ff82fc180
Event: 4.798 Thread 0x0000024d57152510 DEOPT UNPACKING pc=0x0000024d61bb7143 sp=0x0000007ff82fb618 mode 0
Event: 16.481 Thread 0x0000024d57152510 DEOPT PACKING pc=0x0000024d5a84ab7e sp=0x0000007ff82fc000
Event: 16.481 Thread 0x0000024d57152510 DEOPT UNPACKING pc=0x0000024d61bb7143 sp=0x0000007ff82fb470 mode 0
Event: 31.727 Thread 0x0000024d57152510 DEOPT PACKING pc=0x0000024d5a84ab7e sp=0x0000007ff82fbfc0
Event: 31.727 Thread 0x0000024d57152510 DEOPT UNPACKING pc=0x0000024d61bb7143 sp=0x0000007ff82fb430 mode 0
Event: 48.105 Thread 0x0000024d57152510 DEOPT PACKING pc=0x0000024d5a84ab7e sp=0x0000007ff82fbfc0
Event: 48.105 Thread 0x0000024d57152510 DEOPT UNPACKING pc=0x0000024d61bb7143 sp=0x0000007ff82fb430 mode 0
Event: 60.045 Thread 0x0000024d57152510 DEOPT PACKING pc=0x0000024d5a84ab7e sp=0x0000007ff82fbfc0
Event: 60.045 Thread 0x0000024d57152510 DEOPT UNPACKING pc=0x0000024d61bb7143 sp=0x0000007ff82fb430 mode 0

Classes unloaded (0 events):
No events

Classes redefined (0 events):
No events

Internal exceptions (18 events):
Event: 0.273 Thread 0x0000024d57152510 Exception <a 'java/lang/NoSuchMethodError'{0x000000074d907580}: 'int java.lang.invoke.DirectMethodHandle$Holder.invokeStaticInit(java.lang.Object, java.lang.Object)'> (0x000000074d907580) 
thrown [s\src\hotspot\share\interpreter\linkResolver.cpp, line 771]
Event: 0.860 Thread 0x0000024d57152510 Exception <a 'java/lang/NoSuchMethodError'{0x000000074d2073d0}: 'void java.lang.invoke.DirectMethodHandle$Holder.invokeStatic(java.lang.Object, java.lang.Object)'> (0x000000074d2073d0) 
thrown [s\src\hotspot\share\interpreter\linkResolver.cpp, line 771]
Event: 0.894 Thread 0x0000024d57152510 Exception <a 'java/lang/NoClassDefFoundError'{0x000000074d2907e8}: org/slf4j/impl/StaticMarkerBinder> (0x000000074d2907e8) 
thrown [s\src\hotspot\share\classfile\systemDictionary.cpp, line 245]
Event: 0.913 Thread 0x0000024d57152510 Exception <a 'java/lang/NoSuchMethodError'{0x000000074d32aea0}: 'java.lang.Object java.lang.invoke.DirectMethodHandle$Holder.invokeVirtual(java.lang.Object, java.lang.Object, java.lang.Object, java.lang.Object, java.lang.Object, java.lang.Object, java.lang.Object)'> (0x000000074d32aea0) 
thrown [s\src\hotspot\share\interpreter\linkResolver.cpp, line 771]
Event: 0.915 Thread 0x0000024d57152510 Exception <a 'java/lang/NoSuchMethodError'{0x000000074d33d278}: 'java.lang.Object java.lang.invoke.Invokers$Holder.invoker(java.lang.Object, java.lang.Object, java.lang.Object)'> (0x000000074d33d278) 
thrown [s\src\hotspot\share\interpreter\linkResolver.cpp, line 771]
Event: 0.919 Thread 0x0000024d57152510 Exception <a 'java/lang/NoSuchMethodError'{0x000000074d3463a8}: 'java.lang.Object java.lang.invoke.DirectMethodHandle$Holder.invokeStatic(java.lang.Object, java.lang.Object, int)'> (0x000000074d3463a8) 
thrown [s\src\hotspot\share\interpreter\linkResolver.cpp, line 771]
Event: 0.920 Thread 0x0000024d57152510 Exception <a 'java/lang/NoSuchMethodError'{0x000000074d352098}: 'void java.lang.invoke.DelegatingMethodHandle$Holder.delegate(java.lang.Object, java.lang.Object, int, java.lang.Object)'> (0x000000074d352098) 
thrown [s\src\hotspot\share\interpreter\linkResolver.cpp, line 771]
Event: 0.921 Thread 0x0000024d57152510 Exception <a 'java/lang/NoSuchMethodError'{0x000000074d3561e0}: 'int java.lang.invoke.DirectMethodHandle$Holder.invokeSpecial(java.lang.Object, java.lang.Object, java.lang.Object)'> (0x000000074d3561e0) 
thrown [s\src\hotspot\share\interpreter\linkResolver.cpp, line 771]
Event: 0.925 Thread 0x0000024d57152510 Exception <a 'java/lang/NoSuchMethodError'{0x000000074d369398}: 'java.lang.Object java.lang.invoke.Invokers$Holder.invokeExact_MT(java.lang.Object, java.lang.Object, java.lang.Object, java.lang.Object)'> (0x000000074d369398) 
thrown [s\src\hotspot\share\interpreter\linkResolver.cpp, line 771]
Event: 1.055 Thread 0x0000024d57152510 Exception <a 'java/lang/NoSuchMethodError'{0x000000074cd627b0}: 'java.lang.Object java.lang.invoke.DirectMethodHandle$Holder.invokeInterface(java.lang.Object, java.lang.Object, java.lang.Object)'> (0x000000074cd627b0) 
thrown [s\src\hotspot\share\interpreter\linkResolver.cpp, line 771]
Event: 1.087 Thread 0x0000024d57152510 Implicit null exception at 0x0000024d6214878f to 0x0000024d62148bc0
Event: 1.087 Thread 0x0000024d57152510 Implicit null exception at 0x0000024d6213ba14 to 0x0000024d6213be14
Event: 1.109 Thread 0x0000024d57152510 Exception <a 'java/lang/NoSuchMethodError'{0x000000074db1c018}: 'java.lang.Object java.lang.invoke.DirectMethodHandle$Holder.invokeStaticInit(java.lang.Object)'> (0x000000074db1c018) 
thrown [s\src\hotspot\share\interpreter\linkResolver.cpp, line 771]
Event: 1.227 Thread 0x0000024d57152510 Exception <a 'java/lang/NoSuchMethodError'{0x000000074d750150}: 'java.lang.Object java.lang.invoke.DirectMethodHandle$Holder.invokeStaticInit(java.lang.Object, int, int, int, int)'> (0x000000074d750150) 
thrown [s\src\hotspot\share\interpreter\linkResolver.cpp, line 771]
Event: 1.264 Thread 0x0000024d57152510 Exception <a 'java/lang/NoSuchMethodError'{0x000000074d76a5e8}: 'java.lang.Object java.lang.invoke.DirectMethodHandle$Holder.invokeStaticInit(java.lang.Object, java.lang.Object, int, int, int, int)'> (0x000000074d76a5e8) 
thrown [s\src\hotspot\share\interpreter\linkResolver.cpp, line 771]
Event: 1.367 Thread 0x0000024d57152510 Exception <a 'java/lang/NoSuchMethodError'{0x000000074d798300}: 'void java.lang.invoke.DirectMethodHandle$Holder.invokeStatic(java.lang.Object, java.lang.Object, java.lang.Object)'> (0x000000074d798300) 
thrown [s\src\hotspot\share\interpreter\linkResolver.cpp, line 771]
Event: 1.391 Thread 0x0000024d57152510 Implicit null exception at 0x0000024d62134d72 to 0x0000024d6213531c
Event: 1.392 Thread 0x0000024d57152510 Implicit null exception at 0x0000024d62142772 to 0x0000024d62142d34

VM Operations (20 events):
Event: 63.073 Executing VM operation: Cleanup
Event: 63.074 Executing VM operation: Cleanup done
Event: 102.091 Executing VM operation: Cleanup
Event: 102.091 Executing VM operation: Cleanup done
Event: 117.096 Executing VM operation: Cleanup
Event: 117.096 Executing VM operation: Cleanup done
Event: 122.098 Executing VM operation: Cleanup
Event: 122.098 Executing VM operation: Cleanup done
Event: 123.098 Executing VM operation: Cleanup
Event: 123.098 Executing VM operation: Cleanup done
Event: 127.100 Executing VM operation: Cleanup
Event: 127.100 Executing VM operation: Cleanup done
Event: 162.115 Executing VM operation: Cleanup
Event: 162.115 Executing VM operation: Cleanup done
Event: 164.116 Executing VM operation: Cleanup
Event: 164.116 Executing VM operation: Cleanup done
Event: 173.119 Executing VM operation: Cleanup
Event: 173.119 Executing VM operation: Cleanup done
Event: 273.164 Executing VM operation: Cleanup
Event: 273.164 Executing VM operation: Cleanup done

Events (20 events):
Event: 1.741 loading class jdk/internal/reflect/ByteVector done
Event: 1.741 loading class jdk/internal/reflect/ByteVectorImpl done
Event: 1.741 loading class jdk/internal/reflect/ClassFileAssembler
Event: 1.742 loading class jdk/internal/reflect/ClassFileAssembler done
Event: 1.742 loading class jdk/internal/reflect/UTF8
Event: 1.742 loading class jdk/internal/reflect/UTF8 done
Event: 1.743 loading class jdk/internal/reflect/Label
Event: 1.743 loading class jdk/internal/reflect/Label done
Event: 1.743 loading class jdk/internal/reflect/Label$PatchInfo
Event: 1.743 loading class jdk/internal/reflect/Label$PatchInfo done
Event: 1.743 loading class jdk/internal/reflect/MethodAccessorGenerator$1
Event: 1.744 loading class jdk/internal/reflect/MethodAccessorGenerator$1 done
Event: 1.744 loading class jdk/internal/reflect/ClassDefiner
Event: 1.744 loading class jdk/internal/reflect/ClassDefiner done
Event: 1.744 loading class jdk/internal/reflect/ClassDefiner$1
Event: 1.744 loading class jdk/internal/reflect/ClassDefiner$1 done
Event: 2.669 loading class sun/nio/cs/Surrogate$Parser
Event: 2.669 loading class sun/nio/cs/Surrogate$Parser done
Event: 2.669 loading class sun/nio/cs/Surrogate
Event: 2.669 loading class sun/nio/cs/Surrogate done


Dynamic libraries:
0x00007ff75ed90000 - 0x00007ff75ed9a000 	C:\Program Files\Android\Android Studio1\jbr\bin\java.exe
0x00007ffea4650000 - 0x00007ffea4831000 	C:\Windows\SYSTEM32\ntdll.dll
0x00007ffea3420000 - 0x00007ffea34d2000 	C:\Windows\System32\KERNEL32.DLL
0x00007ffea0b10000 - 0x00007ffea0d83000 	C:\Windows\System32\KERNELBASE.dll
0x00007ffea0ec0000 - 0x00007ffea0fba000 	C:\Windows\System32\ucrtbase.dll
0x00007ffe714c0000 - 0x00007ffe714d7000 	C:\Program Files\Android\Android Studio1\jbr\bin\jli.dll
0x00007ffe71910000 - 0x00007ffe7192b000 	C:\Program Files\Android\Android Studio1\jbr\bin\VCRUNTIME140.dll
0x00007ffea3680000 - 0x00007ffea3810000 	C:\Windows\System32\USER32.dll
0x00007ffea0d90000 - 0x00007ffea0db0000 	C:\Windows\System32\win32u.dll
0x00007ffe923c0000 - 0x00007ffe92629000 	C:\Windows\WinSxS\amd64_microsoft.windows.common-controls_6595b64144ccf1df_6.0.17134.228_none_fb4599993062b194\COMCTL32.dll
0x00007ffea3c60000 - 0x00007ffea3c88000 	C:\Windows\System32\GDI32.dll
0x00007ffea4260000 - 0x00007ffea42fe000 	C:\Windows\System32\msvcrt.dll
0x00007ffea1750000 - 0x00007ffea18e2000 	C:\Windows\System32\gdi32full.dll
0x00007ffea0a20000 - 0x00007ffea0abf000 	C:\Windows\System32\msvcp_win.dll
0x00007ffea1ae0000 - 0x00007ffea1e03000 	C:\Windows\System32\combase.dll
0x00007ffea32f0000 - 0x00007ffea3414000 	C:\Windows\System32\RPCRT4.dll
0x00007ffea0fc0000 - 0x00007ffea103a000 	C:\Windows\System32\bcryptPrimitives.dll
0x00007ffea4360000 - 0x00007ffea438d000 	C:\Windows\System32\IMM32.DLL
0x00007ffe98e30000 - 0x00007ffe98e3c000 	C:\Program Files\Android\Android Studio1\jbr\bin\vcruntime140_1.dll
0x00007ffe65d80000 - 0x00007ffe65e0d000 	C:\Program Files\Android\Android Studio1\jbr\bin\msvcp140.dll
0x00007ffe43c70000 - 0x00007ffe448f3000 	C:\Program Files\Android\Android Studio1\jbr\bin\server\jvm.dll
0x00007ffea34e0000 - 0x00007ffea3581000 	C:\Windows\System32\ADVAPI32.dll
0x00007ffea3cb0000 - 0x00007ffea3d0b000 	C:\Windows\System32\sechost.dll
0x00007ffea0960000 - 0x00007ffea09ac000 	C:\Windows\System32\POWRPROF.dll
0x00007ffe93da0000 - 0x00007ffe93da9000 	C:\Windows\SYSTEM32\WSOCK32.dll
0x00007ffea3dc0000 - 0x00007ffea3e2c000 	C:\Windows\System32\WS2_32.dll
0x00007ffe92bd0000 - 0x00007ffe92bda000 	C:\Windows\SYSTEM32\VERSION.dll
0x00007ffe99bb0000 - 0x00007ffe99bd3000 	C:\Windows\SYSTEM32\WINMM.dll
0x00007ffe99b80000 - 0x00007ffe99baa000 	C:\Windows\SYSTEM32\WINMMBASE.dll
0x00007ffea0ac0000 - 0x00007ffea0b09000 	C:\Windows\System32\cfgmgr32.dll
0x00007ffea09c0000 - 0x00007ffea09d1000 	C:\Windows\System32\kernel.appcore.dll
0x00007ffe938b0000 - 0x00007ffe938ba000 	C:\Program Files\Android\Android Studio1\jbr\bin\jimage.dll
0x00007ffe8b8d0000 - 0x00007ffe8ba99000 	C:\Windows\SYSTEM32\DBGHELP.DLL
0x00007ffe8b800000 - 0x00007ffe8b829000 	C:\Windows\SYSTEM32\dbgcore.DLL
0x00007ffe6a910000 - 0x00007ffe6a935000 	C:\Program Files\Android\Android Studio1\jbr\bin\java.dll
0x00007ffe6ade0000 - 0x00007ffe6adf8000 	C:\Program Files\Android\Android Studio1\jbr\bin\zip.dll
0x00007ffea1eb0000 - 0x00007ffea32f0000 	C:\Windows\System32\SHELL32.dll
0x00007ffea3d10000 - 0x00007ffea3db9000 	C:\Windows\System32\shcore.dll
0x00007ffea1040000 - 0x00007ffea174d000 	C:\Windows\System32\windows.storage.dll
0x00007ffea3f10000 - 0x00007ffea3f61000 	C:\Windows\System32\shlwapi.dll
0x00007ffea0a00000 - 0x00007ffea0a1f000 	C:\Windows\System32\profapi.dll
0x00007ffea09b0000 - 0x00007ffea09ba000 	C:\Windows\System32\FLTLIB.DLL
0x00007ffe6aa50000 - 0x00007ffe6aa69000 	C:\Program Files\Android\Android Studio1\jbr\bin\net.dll
0x00007ffe94950000 - 0x00007ffe94a2c000 	C:\Windows\SYSTEM32\WINHTTP.dll
0x00007ffea0180000 - 0x00007ffea01e6000 	C:\Windows\system32\mswsock.dll
0x00007ffe69c80000 - 0x00007ffe69c96000 	C:\Program Files\Android\Android Studio1\jbr\bin\nio.dll
0x00007ffe937e0000 - 0x00007ffe937f0000 	C:\Program Files\Android\Android Studio1\jbr\bin\verify.dll
0x00007ffe65c10000 - 0x00007ffe65c37000 	C:\Users\sata\.gradle\native\e1d6ef7f7dcc3fd88c89a11ec53ec762bb8ba0a96d01ffa2cd45eb1d1d8dd5c5\windows-amd64\native-platform.dll
0x00007ffe93340000 - 0x00007ffe93349000 	C:\Program Files\Android\Android Studio1\jbr\bin\management.dll
0x00007ffe92bf0000 - 0x00007ffe92bfb000 	C:\Program Files\Android\Android Studio1\jbr\bin\management_ext.dll
0x00007ffea3f70000 - 0x00007ffea3f78000 	C:\Windows\System32\PSAPI.DLL
0x00007ffea0340000 - 0x00007ffea0357000 	C:\Windows\SYSTEM32\CRYPTSP.dll
0x00007ffe9fd60000 - 0x00007ffe9fd93000 	C:\Windows\system32\rsaenh.dll
0x00007ffea0460000 - 0x00007ffea0485000 	C:\Windows\SYSTEM32\bcrypt.dll
0x00007ffea0890000 - 0x00007ffea08b8000 	C:\Windows\SYSTEM32\USERENV.dll
0x00007ffea0330000 - 0x00007ffea033b000 	C:\Windows\SYSTEM32\CRYPTBASE.dll
0x00007ffe9ff00000 - 0x00007ffe9ff38000 	C:\Windows\SYSTEM32\IPHLPAPI.DLL
0x00007ffea3ca0000 - 0x00007ffea3ca8000 	C:\Windows\System32\NSI.dll
0x00007ffe9b940000 - 0x00007ffe9b956000 	C:\Windows\SYSTEM32\dhcpcsvc6.DLL
0x00007ffe9b920000 - 0x00007ffe9b93a000 	C:\Windows\SYSTEM32\dhcpcsvc.DLL
0x00007ffe9b500000 - 0x00007ffe9b507000 	C:\Windows\system32\wshunix.dll

dbghelp: loaded successfully - version: 4.0.5 - missing functions: none
symbol engine: initialized successfully - sym options: 0x614 - pdb path: .;C:\Program Files\Android\Android Studio1\jbr\bin;C:\Windows\SYSTEM32;C:\Windows\WinSxS\amd64_microsoft.windows.common-controls_6595b64144ccf1df_6.0.17134.228_none_fb4599993062b194;C:\Program Files\Android\Android Studio1\jbr\bin\server;C:\Users\sata\.gradle\native\e1d6ef7f7dcc3fd88c89a11ec53ec762bb8ba0a96d01ffa2cd45eb1d1d8dd5c5\windows-amd64

VM Arguments:
jvm_args: -Dorg.gradle.appname=gradlew 
java_command: org.gradle.wrapper.GradleWrapperMain -q -Ptarget-platform=android-arm,android-arm64,android-x64 -Ptarget=lib\main.dart -Pbase-application-name=android.app.Application -Pdart-obfuscation=false -Ptrack-widget-creation=true -Ptree-shake-icons=true bundleRelease
java_class_path (initial): H:\fluxstore-shopify-5-9-2024\FluxStore-Shopify-ver4.2\android\\gradle\wrapper\gradle-wrapper.jar
Launcher Type: SUN_STANDARD

[Global flags]
     intx CICompilerCount                          = 3                                         {product} {ergonomic}
     uint ConcGCThreads                            = 1                                         {product} {ergonomic}
     uint G1ConcRefinementThreads                  = 4                                         {product} {ergonomic}
   size_t G1HeapRegionSize                         = 2097152                                   {product} {ergonomic}
    uintx GCDrainStackTargetSize                   = 64                                        {product} {ergonomic}
   size_t InitialHeapSize                          = 201326592                                 {product} {ergonomic}
   size_t MarkStackSize                            = 4194304                                   {product} {ergonomic}
   size_t MaxHeapSize                              = 3191865344                                {product} {ergonomic}
   size_t MaxNewSize                               = 1914699776                                {product} {ergonomic}
   size_t MinHeapDeltaBytes                        = 2097152                                   {product} {ergonomic}
   size_t MinHeapSize                              = 8388608                                   {product} {ergonomic}
    uintx NonNMethodCodeHeapSize                   = 5832780                                {pd product} {ergonomic}
    uintx NonProfiledCodeHeapSize                  = 122912730                              {pd product} {ergonomic}
    uintx ProfiledCodeHeapSize                     = 122912730                              {pd product} {ergonomic}
    uintx ReservedCodeCacheSize                    = 251658240                              {pd product} {ergonomic}
     bool SegmentedCodeCache                       = true                                      {product} {ergonomic}
   size_t SoftMaxHeapSize                          = 3191865344                             {manageable} {ergonomic}
     bool UseCompressedClassPointers               = true                           {product lp64_product} {ergonomic}
     bool UseCompressedOops                        = true                           {product lp64_product} {ergonomic}
     bool UseG1GC                                  = true                                      {product} {ergonomic}
     bool UseLargePagesIndividualAllocation        = false                                  {pd product} {ergonomic}

Logging:
Log output configuration:
 #0: stdout all=warning uptime,level,tags
 #1: stderr all=off uptime,level,tags

Environment Variables:
JAVA_HOME=C:\Program Files\Android\Android Studio1\jbr
CLASSPATH=H:\fluxstore-shopify-5-9-2024\FluxStore-Shopify-ver4.2\android\\gradle\wrapper\gradle-wrapper.jar
PATH=C:\Program Files\Android\Android Studio1\jbr\bin;C:\src\flutter\bin\;C:\Program Files (x86)\VMware\VMware Workstation\bin\;C:\Windows\system32;C:\Windows;C:\Windows\System32\Wbem;C:\Windows\System32\WindowsPowerShell\v1.0\;C:\Windows\System32\OpenSSH\;C:\Program Files\Git\cmd;C:\xampp\php;C:\ProgramData\ComposerSetup\bin;C:\Program Files\nodejs\;C:\Program Files\PuTTY\;C:\Users\sata\AppData\Local\Microsoft\WindowsApps;C:\src\flutter\bin;C:\Users\sata\AppData\Local\Programs\Microsoft VS Code\bin;C:\tools\dart-sdk\bin;C:\Users\sata\AppData\Roaming\Composer\vendor\bin;C:\xampp\php;C:\Users\sata\AppData\Roaming\npm;C:\Program Files\nodejs;C:\Users\sata\.jdks\openjdk-22.0.1\bin;;C:\src\flutter\bin\mingit\cmd
USERNAME=sata
LANG=en_US.UTF-8
OS=Windows_NT
PROCESSOR_IDENTIFIER=Intel64 Family 6 Model 58 Stepping 9, GenuineIntel
TMP=C:\Users\sata\AppData\Local\Temp
TEMP=C:\Users\sata\AppData\Local\Temp



Periodic native trim disabled

JNI global refs:
JNI global refs: 20, weak refs: 2

JNI global refs memory usage: 843, weak refs: 841

OOME stack traces (most recent first):
Classloader memory used:
Loader bootstrap                                                                       : 1494K
Loader org.gradle.internal.classloader.VisitableURLClassLoader                         : 468K
Loader java.net.URLClassLoader                                                         : 25097B
Loader jdk.internal.loader.ClassLoaders$AppClassLoader                                 : 18431B
Loader jdk.internal.loader.ClassLoaders$PlatformClassLoader                            : 14151B
Loader jdk.internal.reflect.DelegatingClassLoader                                      : 540B

Classes loaded by more than one classloader:
Class org.gradle.internal.installation.GradleInstallation                             : loaded 2 times (x 73B)
Class org.gradle.cli.ParsedCommandLine                                                : loaded 2 times (x 78B)
Class org.gradle.internal.classpath.ClassPath                                         : loaded 2 times (x 68B)
Class org.gradle.api.Action                                                           : loaded 2 times (x 68B)
Class org.gradle.cli.CommandLineParser$OptionString                                   : loaded 2 times (x 71B)
Class org.gradle.internal.installation.GradleInstallation$1                           : loaded 2 times (x 73B)
Class org.gradle.cli.CommandLineParser$AfterOptions                                   : loaded 2 times (x 75B)
Class org.gradle.cli.CommandLineParser$AfterFirstSubCommand                           : loaded 2 times (x 75B)
Class org.gradle.internal.service.UnknownServiceException                             : loaded 2 times (x 81B)
Class org.gradle.api.GradleException                                                  : loaded 2 times (x 80B)
Class org.gradle.api.internal.classpath.ModuleRegistry                                : loaded 2 times (x 68B)
Class org.gradle.cli.CommandLineParser$KnownOptionParserState                         : loaded 2 times (x 74B)
Class org.gradle.cli.AbstractPropertiesCommandLineConverter                           : loaded 2 times (x 81B)
Class org.gradle.api.specs.Spec                                                       : loaded 2 times (x 68B)
Class org.gradle.cli.SystemPropertiesCommandLineConverter                             : loaded 2 times (x 81B)
Class org.gradle.internal.IoActions                                                   : loaded 2 times (x 69B)
Class org.gradle.internal.installation.CurrentGradleInstallation                      : loaded 2 times (x 71B)
Class org.gradle.internal.installation.CurrentGradleInstallationLocator               : loaded 2 times (x 69B)
Class org.gradle.internal.classpath.DefaultClassPath                                  : loaded 2 times (x 88B)
Class org.gradle.api.Transformer                                                      : loaded 2 times (x 68B)
Class org.gradle.cli.CommandLineParser                                                : loaded 2 times (x 77B)
Class org.gradle.cli.CommandLineParser$BeforeFirstSubCommand                          : loaded 2 times (x 75B)
Class org.gradle.cli.CommandLineOption                                                : loaded 2 times (x 84B)
Class org.gradle.cli.CommandLineParser$ParserState                                    : loaded 2 times (x 74B)
Class org.gradle.cli.CommandLineParser$MissingOptionArgState                          : loaded 2 times (x 75B)
Class org.gradle.api.UncheckedIOException                                             : loaded 2 times (x 80B)
Class org.gradle.cli.ParsedCommandLineOption                                          : loaded 2 times (x 74B)
Class org.gradle.internal.classloader.ClasspathUtil                                   : loaded 2 times (x 69B)
Class org.gradle.cli.CommandLineParser$UnknownOptionParserState                       : loaded 2 times (x 74B)
Class org.gradle.internal.service.ServiceLookupException                              : loaded 2 times (x 80B)
Class org.gradle.util.internal.GUtil                                                  : loaded 2 times (x 69B)
Class org.gradle.cli.CommandLineParser$OptionAwareParserState                         : loaded 2 times (x 75B)
Class org.gradle.cli.CommandLineParser$OptionParserState                              : loaded 2 times (x 73B)
Class org.gradle.internal.Cast                                                        : loaded 2 times (x 69B)
Class org.gradle.cli.CommandLineConverter                                             : loaded 2 times (x 68B)
Class org.gradle.internal.classpath.DefaultClassPath$ImmutableUniqueList              : loaded 2 times (x 159B)
Class org.gradle.cli.AbstractCommandLineConverter                                     : loaded 2 times (x 77B)
Class org.gradle.cli.CommandLineArgumentException                                     : loaded 2 times (x 80B)


---------------  S Y S T E M  ---------------

OS:
 Windows 10 , 64 bit Build 17134 (10.0.17134.1)
OS uptime: 0 days 10:43 hours

CPU: total 4 (initial active 4) (2 cores per cpu, 2 threads per core) family 6 model 58 stepping 9 microcode 0x1c, cx8, cmov, fxsr, ht, mmx, sse, sse2, sse3, ssse3, sse4.1, sse4.2, popcnt, tsc, tscinvbit, avx, aes, erms, clmul, vzeroupper, clflush
Processor Information for all 4 processors :
  Max Mhz: 2501, Current Mhz: 2500, Mhz Limit: 2475

Memory: 4k page, system-wide physical 12175M (1567M free)
TotalPageFile size 17277M (AvailPageFile size 11M)
current process WorkingSet (physical memory assigned to process): 81M, peak: 85M
current process commit charge ("private bytes"): 284M, peak: 289M

vm_info: OpenJDK 64-Bit Server VM (17.0.9+0--11185874) for windows-amd64 JRE (17.0.9+0--11185874), built on Dec  6 2023 18:57:44 by "androidbuild" with MS VC++ 16.10 / 16.11 (VS2019)

END.
