#
# There is insufficient memory for the Java Runtime Environment to continue.
# Native memory allocation (malloc) failed to allocate 32784 bytes for Chunk::new
# Possible reasons:
#   The system is out of physical RAM or swap space
#   The process is running with CompressedOops enabled, and the Java Heap may be blocking the growth of the native heap
# Possible solutions:
#   Reduce memory load on the system
#   Increase physical memory or swap space
#   Check if swap backing store is full
#   Decrease Java heap size (-Xmx/-Xms)
#   Decrease number of Java threads
#   Decrease Java thread stack sizes (-Xss)
#   Set larger code cache with -XX:ReservedCodeCacheSize=
#   JVM is running with Zero Based Compressed Oops mode in which the Java heap is
#     placed in the first 32GB address space. The Java Heap base address is the
#     maximum limit for the native heap growth. Please use -XX:HeapBaseMinAddress
#     to set the Java Heap base and to place the Java Heap above 32GB virtual address.
# This output file may be truncated or incomplete.
#
#  Out of Memory Error (arena.cpp:191), pid=11416, tid=11468
#
# JRE version: OpenJDK Runtime Environment (17.0.9) (build 17.0.9+0--11185874)
# Java VM: OpenJDK 64-Bit Server VM (17.0.9+0--11185874, mixed mode, tiered, compressed oops, compressed class ptrs, g1 gc, windows-amd64)
# No core dump will be written. Minidumps are not enabled by default on client versions of Windows
#

---------------  S U M M A R Y ------------

Command Line: -Dorg.gradle.appname=gradlew org.gradle.wrapper.GradleWrapperMain -q -Ptarget-platform=android-arm,android-arm64,android-x64 -Ptarget=lib\main.dart -Pbase-application-name=android.app.Application -Pdart-obfuscation=false -Ptrack-widget-creation=true -Ptree-shake-icons=true assembleRelease

Host: Intel(R) Core(TM) i7-3537U CPU @ 2.00GHz, 4 cores, 11G,  Windows 10 , 64 bit Build 17134 (10.0.17134.1)
Time: Sat Sep  7 05:17:18 2024 Egypt Standard Time elapsed time: 484.021313 seconds (0d 0h 8m 4s)

---------------  T H R E A D  ---------------

Current thread (0x00000181f7bc2370):  JavaThread "C2 CompilerThread0" daemon [_thread_in_native, id=11468, stack(0x00000055d3900000,0x00000055d3a00000)]


Current CompileTask:
C2: 484021 1719 % !   4       java.io.BufferedReader::readLine @ 139 (327 bytes)

Stack: [0x00000055d3900000,0x00000055d3a00000]
Native frames: (J=compiled Java code, j=interpreted, Vv=VM code, C=native code)
V  [jvm.dll+0x6886e9]
V  [jvm.dll+0x841e4a]
V  [jvm.dll+0x843a8e]
V  [jvm.dll+0x8440f3]
V  [jvm.dll+0x24c14f]
V  [jvm.dll+0xac44c]
V  [jvm.dll+0xaca9c]
V  [jvm.dll+0xac55b]
V  [jvm.dll+0x6adaa8]
V  [jvm.dll+0x352a6f]
V  [jvm.dll+0x3478e2]
V  [jvm.dll+0x34f3bc]
V  [jvm.dll+0x1aaf10]
V  [jvm.dll+0x6a06f1]
V  [jvm.dll+0x698b0b]
V  [jvm.dll+0x698147]
V  [jvm.dll+0x696032]
V  [jvm.dll+0x1a99ac]
V  [jvm.dll+0x21cd88]
V  [jvm.dll+0x1a674d]
V  [jvm.dll+0x22d088]
V  [jvm.dll+0x22b1c0]
V  [jvm.dll+0x7f62f7]
V  [jvm.dll+0x7f06aa]
V  [jvm.dll+0x687565]
C  [ucrtbase.dll+0x1c4be]
C  [KERNEL32.DLL+0x13034]
C  [ntdll.dll+0x71431]


---------------  P R O C E S S  ---------------

Threads class SMR info:
_java_thread_list=0x00000181fca3cee0, length=14, elements={
0x00000181d9fb2510, 0x00000181f7a45610, 0x00000181f7a46d60, 0x00000181f7b8cf70,
0x00000181f7a48900, 0x00000181f7a49200, 0x00000181f7bc0bb0, 0x00000181f7bc2370,
0x00000181f7bce010, 0x00000181f7bf6140, 0x00000181f7d3f7c0, 0x00000181f7d7b010,
0x00000181fc9ac070, 0x00000181fc240fb0
}

Java Threads: ( => current thread )
  0x00000181d9fb2510 JavaThread "main" [_thread_in_native, id=12312, stack(0x00000055d2c00000,0x00000055d2d00000)]
  0x00000181f7a45610 JavaThread "Reference Handler" daemon [_thread_blocked, id=13444, stack(0x00000055d3300000,0x00000055d3400000)]
  0x00000181f7a46d60 JavaThread "Finalizer" daemon [_thread_blocked, id=1788, stack(0x00000055d3400000,0x00000055d3500000)]
  0x00000181f7b8cf70 JavaThread "Signal Dispatcher" daemon [_thread_blocked, id=6116, stack(0x00000055d3500000,0x00000055d3600000)]
  0x00000181f7a48900 JavaThread "Attach Listener" daemon [_thread_blocked, id=13244, stack(0x00000055d3600000,0x00000055d3700000)]
  0x00000181f7a49200 JavaThread "Service Thread" daemon [_thread_blocked, id=4780, stack(0x00000055d3700000,0x00000055d3800000)]
  0x00000181f7bc0bb0 JavaThread "Monitor Deflation Thread" daemon [_thread_blocked, id=13356, stack(0x00000055d3800000,0x00000055d3900000)]
=>0x00000181f7bc2370 JavaThread "C2 CompilerThread0" daemon [_thread_in_native, id=11468, stack(0x00000055d3900000,0x00000055d3a00000)]
  0x00000181f7bce010 JavaThread "C1 CompilerThread0" daemon [_thread_in_native, id=12064, stack(0x00000055d3a00000,0x00000055d3b00000)]
  0x00000181f7bf6140 JavaThread "Sweeper thread" daemon [_thread_blocked, id=10264, stack(0x00000055d3b00000,0x00000055d3c00000)]
  0x00000181f7d3f7c0 JavaThread "Notification Thread" daemon [_thread_blocked, id=5208, stack(0x00000055d3c00000,0x00000055d3d00000)]
  0x00000181f7d7b010 JavaThread "Common-Cleaner" daemon [_thread_blocked, id=5404, stack(0x00000055d3e00000,0x00000055d3f00000)]
  0x00000181fc9ac070 JavaThread "pool-1-thread-1" [_thread_blocked, id=3016, stack(0x00000055d4300000,0x00000055d4400000)]
  0x00000181fc240fb0 JavaThread "DisconnectableInputStream source reader" daemon [_thread_in_native, id=13020, stack(0x00000055d4500000,0x00000055d4600000)]

Other Threads:
  0x00000181f7a3fb10 VMThread "VM Thread" [stack: 0x00000055d3200000,0x00000055d3300000] [id=13528]
  0x00000181f7d61cc0 WatcherThread [stack: 0x00000055d3d00000,0x00000055d3e00000] [id=5664]
  0x00000181da00b200 GCTaskThread "GC Thread#0" [stack: 0x00000055d2d00000,0x00000055d2e00000] [id=9888]
  0x00000181fc36bd00 GCTaskThread "GC Thread#1" [stack: 0x00000055d3f00000,0x00000055d4000000] [id=1992]
  0x00000181fc36bfc0 GCTaskThread "GC Thread#2" [stack: 0x00000055d4000000,0x00000055d4100000] [id=11352]
  0x00000181fc1971e0 GCTaskThread "GC Thread#3" [stack: 0x00000055d4100000,0x00000055d4200000] [id=2432]
  0x00000181da018db0 ConcurrentGCThread "G1 Main Marker" [stack: 0x00000055d2e00000,0x00000055d2f00000] [id=13996]
  0x00000181da01a1a0 ConcurrentGCThread "G1 Conc#0" [stack: 0x00000055d2f00000,0x00000055d3000000] [id=4452]
  0x00000181da05a180 ConcurrentGCThread "G1 Refine#0" [stack: 0x00000055d3000000,0x00000055d3100000] [id=7428]
  0x00000181da05a9c0 ConcurrentGCThread "G1 Service" [stack: 0x00000055d3100000,0x00000055d3200000] [id=8388]

Threads with active compile tasks:
C2 CompilerThread0   484054 1719 % !   4       java.io.BufferedReader::readLine @ 139 (327 bytes)
C1 CompilerThread0   484054 1722       3       java.nio.CharBuffer::position (8 bytes)

VM state: not at safepoint (normal execution)

VM Mutex/Monitor currently owned by a thread: None

Heap address: 0x0000000741c00000, size: 3044 MB, Compressed Oops mode: Zero based, Oop shift amount: 3

CDS archive(s) not mapped
Compressed class space mapped at: 0x0000000800000000-0x0000000840000000, reserved size: 1073741824
Narrow klass base: 0x0000000800000000, Narrow klass shift: 0, Narrow klass range: 0x40000000

GC Precious Log:
 CPUs: 4 total, 4 available
 Memory: 12175M
 Large Page Support: Disabled
 NUMA Support: Disabled
 Compressed Oops: Enabled (Zero based)
 Heap Region Size: 2M
 Heap Min Capacity: 8M
 Heap Initial Capacity: 192M
 Heap Max Capacity: 3044M
 Pre-touch: Disabled
 Parallel Workers: 4
 Concurrent Workers: 1
 Concurrent Refinement Workers: 4
 Periodic GC: Disabled

Heap:
 garbage-first heap   total 196608K, used 26733K [0x0000000741c00000, 0x0000000800000000)
  region size 2048K, 10 young (20480K), 1 survivors (2048K)
 Metaspace       used 18548K, committed 18752K, reserved 1114112K
  class space    used 2088K, committed 2176K, reserved 1048576K

Heap Regions: E=young(eden), S=young(survivor), O=old, HS=humongous(starts), HC=humongous(continues), CS=collection set, F=free, OA=open archive, CA=closed archive, TAMS=top-at-mark-start (previous, next)
|   0|0x0000000741c00000, 0x0000000741e00000, 0x0000000741e00000|100%|HS|  |TAMS 0x0000000741c00000, 0x0000000741c00000| Complete 
|   1|0x0000000741e00000, 0x0000000742000000, 0x0000000742000000|100%|HC|  |TAMS 0x0000000741e00000, 0x0000000741e00000| Complete 
|   2|0x0000000742000000, 0x0000000742200000, 0x0000000742200000|100%| O|  |TAMS 0x0000000742000000, 0x0000000742000000| Untracked 
|   3|0x0000000742200000, 0x0000000742400000, 0x0000000742400000|100%| O|  |TAMS 0x0000000742200000, 0x0000000742200000| Untracked 
|   4|0x0000000742400000, 0x000000074241b600, 0x0000000742600000|  5%| O|  |TAMS 0x0000000742400000, 0x0000000742400000| Untracked 
|   5|0x0000000742600000, 0x0000000742600000, 0x0000000742800000|  0%| F|  |TAMS 0x0000000742600000, 0x0000000742600000| Untracked 
|   6|0x0000000742800000, 0x0000000742800000, 0x0000000742a00000|  0%| F|  |TAMS 0x0000000742800000, 0x0000000742800000| Untracked 
|   7|0x0000000742a00000, 0x0000000742a00000, 0x0000000742c00000|  0%| F|  |TAMS 0x0000000742a00000, 0x0000000742a00000| Untracked 
|   8|0x0000000742c00000, 0x0000000742c00000, 0x0000000742e00000|  0%| F|  |TAMS 0x0000000742c00000, 0x0000000742c00000| Untracked 
|   9|0x0000000742e00000, 0x0000000742e00000, 0x0000000743000000|  0%| F|  |TAMS 0x0000000742e00000, 0x0000000742e00000| Untracked 
|  10|0x0000000743000000, 0x0000000743000000, 0x0000000743200000|  0%| F|  |TAMS 0x0000000743000000, 0x0000000743000000| Untracked 
|  11|0x0000000743200000, 0x0000000743200000, 0x0000000743400000|  0%| F|  |TAMS 0x0000000743200000, 0x0000000743200000| Untracked 
|  12|0x0000000743400000, 0x0000000743400000, 0x0000000743600000|  0%| F|  |TAMS 0x0000000743400000, 0x0000000743400000| Untracked 
|  13|0x0000000743600000, 0x0000000743600000, 0x0000000743800000|  0%| F|  |TAMS 0x0000000743600000, 0x0000000743600000| Untracked 
|  14|0x0000000743800000, 0x0000000743800000, 0x0000000743a00000|  0%| F|  |TAMS 0x0000000743800000, 0x0000000743800000| Untracked 
|  15|0x0000000743a00000, 0x0000000743a00000, 0x0000000743c00000|  0%| F|  |TAMS 0x0000000743a00000, 0x0000000743a00000| Untracked 
|  16|0x0000000743c00000, 0x0000000743c00000, 0x0000000743e00000|  0%| F|  |TAMS 0x0000000743c00000, 0x0000000743c00000| Untracked 
|  17|0x0000000743e00000, 0x0000000743e00000, 0x0000000744000000|  0%| F|  |TAMS 0x0000000743e00000, 0x0000000743e00000| Untracked 
|  18|0x0000000744000000, 0x0000000744000000, 0x0000000744200000|  0%| F|  |TAMS 0x0000000744000000, 0x0000000744000000| Untracked 
|  19|0x0000000744200000, 0x0000000744200000, 0x0000000744400000|  0%| F|  |TAMS 0x0000000744200000, 0x0000000744200000| Untracked 
|  20|0x0000000744400000, 0x0000000744400000, 0x0000000744600000|  0%| F|  |TAMS 0x0000000744400000, 0x0000000744400000| Untracked 
|  21|0x0000000744600000, 0x0000000744600000, 0x0000000744800000|  0%| F|  |TAMS 0x0000000744600000, 0x0000000744600000| Untracked 
|  22|0x0000000744800000, 0x0000000744800000, 0x0000000744a00000|  0%| F|  |TAMS 0x0000000744800000, 0x0000000744800000| Untracked 
|  23|0x0000000744a00000, 0x0000000744a00000, 0x0000000744c00000|  0%| F|  |TAMS 0x0000000744a00000, 0x0000000744a00000| Untracked 
|  24|0x0000000744c00000, 0x0000000744c00000, 0x0000000744e00000|  0%| F|  |TAMS 0x0000000744c00000, 0x0000000744c00000| Untracked 
|  25|0x0000000744e00000, 0x0000000744e00000, 0x0000000745000000|  0%| F|  |TAMS 0x0000000744e00000, 0x0000000744e00000| Untracked 
|  26|0x0000000745000000, 0x0000000745000000, 0x0000000745200000|  0%| F|  |TAMS 0x0000000745000000, 0x0000000745000000| Untracked 
|  27|0x0000000745200000, 0x0000000745200000, 0x0000000745400000|  0%| F|  |TAMS 0x0000000745200000, 0x0000000745200000| Untracked 
|  28|0x0000000745400000, 0x0000000745400000, 0x0000000745600000|  0%| F|  |TAMS 0x0000000745400000, 0x0000000745400000| Untracked 
|  29|0x0000000745600000, 0x0000000745600000, 0x0000000745800000|  0%| F|  |TAMS 0x0000000745600000, 0x0000000745600000| Untracked 
|  30|0x0000000745800000, 0x0000000745800000, 0x0000000745a00000|  0%| F|  |TAMS 0x0000000745800000, 0x0000000745800000| Untracked 
|  31|0x0000000745a00000, 0x0000000745a00000, 0x0000000745c00000|  0%| F|  |TAMS 0x0000000745a00000, 0x0000000745a00000| Untracked 
|  32|0x0000000745c00000, 0x0000000745c00000, 0x0000000745e00000|  0%| F|  |TAMS 0x0000000745c00000, 0x0000000745c00000| Untracked 
|  33|0x0000000745e00000, 0x0000000745e00000, 0x0000000746000000|  0%| F|  |TAMS 0x0000000745e00000, 0x0000000745e00000| Untracked 
|  34|0x0000000746000000, 0x0000000746000000, 0x0000000746200000|  0%| F|  |TAMS 0x0000000746000000, 0x0000000746000000| Untracked 
|  35|0x0000000746200000, 0x0000000746200000, 0x0000000746400000|  0%| F|  |TAMS 0x0000000746200000, 0x0000000746200000| Untracked 
|  36|0x0000000746400000, 0x0000000746400000, 0x0000000746600000|  0%| F|  |TAMS 0x0000000746400000, 0x0000000746400000| Untracked 
|  37|0x0000000746600000, 0x0000000746600000, 0x0000000746800000|  0%| F|  |TAMS 0x0000000746600000, 0x0000000746600000| Untracked 
|  38|0x0000000746800000, 0x0000000746800000, 0x0000000746a00000|  0%| F|  |TAMS 0x0000000746800000, 0x0000000746800000| Untracked 
|  39|0x0000000746a00000, 0x0000000746a00000, 0x0000000746c00000|  0%| F|  |TAMS 0x0000000746a00000, 0x0000000746a00000| Untracked 
|  40|0x0000000746c00000, 0x0000000746c00000, 0x0000000746e00000|  0%| F|  |TAMS 0x0000000746c00000, 0x0000000746c00000| Untracked 
|  41|0x0000000746e00000, 0x0000000746e00000, 0x0000000747000000|  0%| F|  |TAMS 0x0000000746e00000, 0x0000000746e00000| Untracked 
|  42|0x0000000747000000, 0x0000000747000000, 0x0000000747200000|  0%| F|  |TAMS 0x0000000747000000, 0x0000000747000000| Untracked 
|  43|0x0000000747200000, 0x0000000747200000, 0x0000000747400000|  0%| F|  |TAMS 0x0000000747200000, 0x0000000747200000| Untracked 
|  44|0x0000000747400000, 0x0000000747400000, 0x0000000747600000|  0%| F|  |TAMS 0x0000000747400000, 0x0000000747400000| Untracked 
|  45|0x0000000747600000, 0x0000000747600000, 0x0000000747800000|  0%| F|  |TAMS 0x0000000747600000, 0x0000000747600000| Untracked 
|  46|0x0000000747800000, 0x0000000747800000, 0x0000000747a00000|  0%| F|  |TAMS 0x0000000747800000, 0x0000000747800000| Untracked 
|  47|0x0000000747a00000, 0x0000000747a00000, 0x0000000747c00000|  0%| F|  |TAMS 0x0000000747a00000, 0x0000000747a00000| Untracked 
|  48|0x0000000747c00000, 0x0000000747c00000, 0x0000000747e00000|  0%| F|  |TAMS 0x0000000747c00000, 0x0000000747c00000| Untracked 
|  49|0x0000000747e00000, 0x0000000747e00000, 0x0000000748000000|  0%| F|  |TAMS 0x0000000747e00000, 0x0000000747e00000| Untracked 
|  50|0x0000000748000000, 0x0000000748000000, 0x0000000748200000|  0%| F|  |TAMS 0x0000000748000000, 0x0000000748000000| Untracked 
|  51|0x0000000748200000, 0x0000000748200000, 0x0000000748400000|  0%| F|  |TAMS 0x0000000748200000, 0x0000000748200000| Untracked 
|  52|0x0000000748400000, 0x0000000748400000, 0x0000000748600000|  0%| F|  |TAMS 0x0000000748400000, 0x0000000748400000| Untracked 
|  53|0x0000000748600000, 0x0000000748600000, 0x0000000748800000|  0%| F|  |TAMS 0x0000000748600000, 0x0000000748600000| Untracked 
|  54|0x0000000748800000, 0x0000000748800000, 0x0000000748a00000|  0%| F|  |TAMS 0x0000000748800000, 0x0000000748800000| Untracked 
|  55|0x0000000748a00000, 0x0000000748a00000, 0x0000000748c00000|  0%| F|  |TAMS 0x0000000748a00000, 0x0000000748a00000| Untracked 
|  56|0x0000000748c00000, 0x0000000748c00000, 0x0000000748e00000|  0%| F|  |TAMS 0x0000000748c00000, 0x0000000748c00000| Untracked 
|  57|0x0000000748e00000, 0x0000000748e00000, 0x0000000749000000|  0%| F|  |TAMS 0x0000000748e00000, 0x0000000748e00000| Untracked 
|  58|0x0000000749000000, 0x0000000749000000, 0x0000000749200000|  0%| F|  |TAMS 0x0000000749000000, 0x0000000749000000| Untracked 
|  59|0x0000000749200000, 0x0000000749200000, 0x0000000749400000|  0%| F|  |TAMS 0x0000000749200000, 0x0000000749200000| Untracked 
|  60|0x0000000749400000, 0x0000000749400000, 0x0000000749600000|  0%| F|  |TAMS 0x0000000749400000, 0x0000000749400000| Untracked 
|  61|0x0000000749600000, 0x0000000749600000, 0x0000000749800000|  0%| F|  |TAMS 0x0000000749600000, 0x0000000749600000| Untracked 
|  62|0x0000000749800000, 0x0000000749800000, 0x0000000749a00000|  0%| F|  |TAMS 0x0000000749800000, 0x0000000749800000| Untracked 
|  63|0x0000000749a00000, 0x0000000749a00000, 0x0000000749c00000|  0%| F|  |TAMS 0x0000000749a00000, 0x0000000749a00000| Untracked 
|  64|0x0000000749c00000, 0x0000000749c00000, 0x0000000749e00000|  0%| F|  |TAMS 0x0000000749c00000, 0x0000000749c00000| Untracked 
|  65|0x0000000749e00000, 0x0000000749e00000, 0x000000074a000000|  0%| F|  |TAMS 0x0000000749e00000, 0x0000000749e00000| Untracked 
|  66|0x000000074a000000, 0x000000074a000000, 0x000000074a200000|  0%| F|  |TAMS 0x000000074a000000, 0x000000074a000000| Untracked 
|  67|0x000000074a200000, 0x000000074a200000, 0x000000074a400000|  0%| F|  |TAMS 0x000000074a200000, 0x000000074a200000| Untracked 
|  68|0x000000074a400000, 0x000000074a400000, 0x000000074a600000|  0%| F|  |TAMS 0x000000074a400000, 0x000000074a400000| Untracked 
|  69|0x000000074a600000, 0x000000074a600000, 0x000000074a800000|  0%| F|  |TAMS 0x000000074a600000, 0x000000074a600000| Untracked 
|  70|0x000000074a800000, 0x000000074a800000, 0x000000074aa00000|  0%| F|  |TAMS 0x000000074a800000, 0x000000074a800000| Untracked 
|  71|0x000000074aa00000, 0x000000074aa00000, 0x000000074ac00000|  0%| F|  |TAMS 0x000000074aa00000, 0x000000074aa00000| Untracked 
|  72|0x000000074ac00000, 0x000000074ac00000, 0x000000074ae00000|  0%| F|  |TAMS 0x000000074ac00000, 0x000000074ac00000| Untracked 
|  73|0x000000074ae00000, 0x000000074ae00000, 0x000000074b000000|  0%| F|  |TAMS 0x000000074ae00000, 0x000000074ae00000| Untracked 
|  74|0x000000074b000000, 0x000000074b000000, 0x000000074b200000|  0%| F|  |TAMS 0x000000074b000000, 0x000000074b000000| Untracked 
|  75|0x000000074b200000, 0x000000074b200000, 0x000000074b400000|  0%| F|  |TAMS 0x000000074b200000, 0x000000074b200000| Untracked 
|  76|0x000000074b400000, 0x000000074b400000, 0x000000074b600000|  0%| F|  |TAMS 0x000000074b400000, 0x000000074b400000| Untracked 
|  77|0x000000074b600000, 0x000000074b600000, 0x000000074b800000|  0%| F|  |TAMS 0x000000074b600000, 0x000000074b600000| Untracked 
|  78|0x000000074b800000, 0x000000074b800000, 0x000000074ba00000|  0%| F|  |TAMS 0x000000074b800000, 0x000000074b800000| Untracked 
|  79|0x000000074ba00000, 0x000000074ba00000, 0x000000074bc00000|  0%| F|  |TAMS 0x000000074ba00000, 0x000000074ba00000| Untracked 
|  80|0x000000074bc00000, 0x000000074bc00000, 0x000000074be00000|  0%| F|  |TAMS 0x000000074bc00000, 0x000000074bc00000| Untracked 
|  81|0x000000074be00000, 0x000000074be00000, 0x000000074c000000|  0%| F|  |TAMS 0x000000074be00000, 0x000000074be00000| Untracked 
|  82|0x000000074c000000, 0x000000074c000000, 0x000000074c200000|  0%| F|  |TAMS 0x000000074c000000, 0x000000074c000000| Untracked 
|  83|0x000000074c200000, 0x000000074c200000, 0x000000074c400000|  0%| F|  |TAMS 0x000000074c200000, 0x000000074c200000| Untracked 
|  84|0x000000074c400000, 0x000000074c400000, 0x000000074c600000|  0%| F|  |TAMS 0x000000074c400000, 0x000000074c400000| Untracked 
|  85|0x000000074c600000, 0x000000074c600000, 0x000000074c800000|  0%| F|  |TAMS 0x000000074c600000, 0x000000074c600000| Untracked 
|  86|0x000000074c800000, 0x000000074c9527c8, 0x000000074ca00000| 66%| E|  |TAMS 0x000000074c800000, 0x000000074c800000| Complete 
|  87|0x000000074ca00000, 0x000000074cc00000, 0x000000074cc00000|100%| S|CS|TAMS 0x000000074ca00000, 0x000000074ca00000| Complete 
|  88|0x000000074cc00000, 0x000000074ce00000, 0x000000074ce00000|100%| E|CS|TAMS 0x000000074cc00000, 0x000000074cc00000| Complete 
|  89|0x000000074ce00000, 0x000000074d000000, 0x000000074d000000|100%| E|CS|TAMS 0x000000074ce00000, 0x000000074ce00000| Complete 
|  90|0x000000074d000000, 0x000000074d200000, 0x000000074d200000|100%| E|CS|TAMS 0x000000074d000000, 0x000000074d000000| Complete 
|  91|0x000000074d200000, 0x000000074d400000, 0x000000074d400000|100%| E|CS|TAMS 0x000000074d200000, 0x000000074d200000| Complete 
|  92|0x000000074d400000, 0x000000074d600000, 0x000000074d600000|100%| E|CS|TAMS 0x000000074d400000, 0x000000074d400000| Complete 
|  93|0x000000074d600000, 0x000000074d800000, 0x000000074d800000|100%| E|CS|TAMS 0x000000074d600000, 0x000000074d600000| Complete 
|  94|0x000000074d800000, 0x000000074da00000, 0x000000074da00000|100%| E|CS|TAMS 0x000000074d800000, 0x000000074d800000| Complete 
|  95|0x000000074da00000, 0x000000074dc00000, 0x000000074dc00000|100%| E|CS|TAMS 0x000000074da00000, 0x000000074da00000| Complete 

Card table byte_map: [0x00000181ee8b0000,0x00000181eeeb0000] _byte_map_base: 0x00000181eaea2000

Marking Bits (Prev, Next): (CMBitMap*) 0x00000181da00c640, (CMBitMap*) 0x00000181da00c680
 Prev Bits: [0x00000181ef4b0000, 0x00000181f2440000)
 Next Bits: [0x00000181f2440000, 0x00000181f53d0000)

Polling page: 0x00000181da070000

Metaspace:

Usage:
  Non-class:     16.07 MB used.
      Class:      2.04 MB used.
       Both:     18.11 MB used.

Virtual space:
  Non-class space:       64.00 MB reserved,      16.19 MB ( 25%) committed,  1 nodes.
      Class space:        1.00 GB reserved,       2.13 MB ( <1%) committed,  1 nodes.
             Both:        1.06 GB reserved,      18.31 MB (  2%) committed. 

Chunk freelists:
   Non-Class:  14.89 MB
       Class:  13.70 MB
        Both:  28.59 MB

MaxMetaspaceSize: unlimited
CompressedClassSpaceSize: 1.00 GB
Initial GC threshold: 21.00 MB
Current GC threshold: 21.00 MB
CDS: off
MetaspaceReclaimPolicy: balanced
 - commit_granule_bytes: 65536.
 - commit_granule_words: 8192.
 - virtual_space_node_default_size: 8388608.
 - enlarge_chunks_in_place: 1.
 - new_chunks_are_fully_committed: 0.
 - uncommit_free_chunks: 1.
 - use_allocation_guard: 0.
 - handle_deallocations: 1.


Internal statistics:

num_allocs_failed_limit: 0.
num_arena_births: 90.
num_arena_deaths: 0.
num_vsnodes_births: 2.
num_vsnodes_deaths: 0.
num_space_committed: 293.
num_space_uncommitted: 0.
num_chunks_returned_to_freelist: 0.
num_chunks_taken_from_freelist: 356.
num_chunk_merges: 0.
num_chunk_splits: 227.
num_chunks_enlarged: 180.
num_inconsistent_stats: 0.

CodeHeap 'non-profiled nmethods': size=120000Kb used=668Kb max_used=668Kb free=119331Kb
 bounds [0x00000181e6760000, 0x00000181e69d0000, 0x00000181edc90000]
CodeHeap 'profiled nmethods': size=120000Kb used=3308Kb max_used=3308Kb free=116691Kb
 bounds [0x00000181dec90000, 0x00000181defd0000, 0x00000181e61c0000]
CodeHeap 'non-nmethods': size=5760Kb used=1182Kb max_used=1213Kb free=4577Kb
 bounds [0x00000181e61c0000, 0x00000181e6430000, 0x00000181e6760000]
 total_blobs=2204 nmethods=1720 adapters=397
 compilation: enabled
              stopped_count=0, restarted_count=0
 full_count=0

Compilation events (20 events):
Event: 483.737 Thread 0x00000181f7bce010 nmethod 1710 0x00000181defc7610 code [0x00000181defc77a0, 0x00000181defc7898]
Event: 483.737 Thread 0x00000181f7bce010 1707       3       org.gradle.internal.logging.text.AbstractLineChoppingStyledTextOutput::access$900 (4 bytes)
Event: 483.737 Thread 0x00000181f7bce010 nmethod 1707 0x00000181defc7910 code [0x00000181defc7aa0, 0x00000181defc7b98]
Event: 483.737 Thread 0x00000181f7bce010 1708       3       org.gradle.internal.logging.text.AbstractLineChoppingStyledTextOutput$StateContext::next (11 bytes)
Event: 483.737 Thread 0x00000181f7bce010 nmethod 1708 0x00000181defc7c10 code [0x00000181defc7da0, 0x00000181defc7eb8]
Event: 483.918 Thread 0x00000181f7bce010 1712       3       java.nio.CharBuffer::arrayOffset (35 bytes)
Event: 483.919 Thread 0x00000181f7bce010 nmethod 1712 0x00000181defc7f90 code [0x00000181defc8160, 0x00000181defc8438]
Event: 483.919 Thread 0x00000181f7bce010 1713       3       java.nio.Buffer::<init> (105 bytes)
Event: 483.921 Thread 0x00000181f7bce010 nmethod 1713 0x00000181defc8590 code [0x00000181defc8840, 0x00000181defc93b8]
Event: 483.998 Thread 0x00000181f7bce010 1714       1       java.util.LinkedList::size (5 bytes)
Event: 483.998 Thread 0x00000181f7bce010 nmethod 1714 0x00000181e6806a90 code [0x00000181e6806c20, 0x00000181e6806cf8]
Event: 483.998 Thread 0x00000181f7bce010 1715       3       java.nio.charset.CoderResult::isUnderflow (13 bytes)
Event: 483.998 Thread 0x00000181f7bce010 nmethod 1715 0x00000181defc9810 code [0x00000181defc99a0, 0x00000181defc9b18]
Event: 483.998 Thread 0x00000181f7bce010 1716       3       java.nio.ByteBuffer::array (35 bytes)
Event: 483.999 Thread 0x00000181f7bce010 nmethod 1716 0x00000181defc9b90 code [0x00000181defc9d60, 0x00000181defca038]
Event: 484.000 Thread 0x00000181f7bce010 1717       3       java.util.LinkedList::checkPositionIndex (22 bytes)
Event: 484.000 Thread 0x00000181f7bc2370 1719 % !   4       java.io.BufferedReader::readLine @ 139 (327 bytes)
Event: 484.001 Thread 0x00000181f7bce010 nmethod 1717 0x00000181defca190 code [0x00000181defca3e0, 0x00000181defcab48]
Event: 484.001 Thread 0x00000181f7bce010 1718       3       java.util.LinkedList::isPositionIndex (18 bytes)
Event: 484.001 Thread 0x00000181f7bce010 nmethod 1718 0x00000181defcae90 code [0x00000181defcb020, 0x00000181defcb1b8]

GC Heap History (4 events):
Event: 1.006 GC heap before
{Heap before GC invocations=0 (full 0):
 garbage-first heap   total 196608K, used 16384K [0x0000000741c00000, 0x0000000800000000)
  region size 2048K, 6 young (12288K), 0 survivors (0K)
 Metaspace       used 8310K, committed 8384K, reserved 1114112K
  class space    used 724K, committed 768K, reserved 1048576K
}
Event: 1.011 GC heap after
{Heap after GC invocations=1 (full 0):
 garbage-first heap   total 196608K, used 2800K [0x0000000741c00000, 0x0000000800000000)
  region size 2048K, 1 young (2048K), 1 survivors (2048K)
 Metaspace       used 8310K, committed 8384K, reserved 1114112K
  class space    used 724K, committed 768K, reserved 1048576K
}
Event: 2.024 GC heap before
{Heap before GC invocations=1 (full 0):
 garbage-first heap   total 196608K, used 19184K [0x0000000741c00000, 0x0000000800000000)
  region size 2048K, 8 young (16384K), 1 survivors (2048K)
 Metaspace       used 12290K, committed 12416K, reserved 1114112K
  class space    used 1352K, committed 1408K, reserved 1048576K
}
Event: 2.030 GC heap after
{Heap after GC invocations=2 (full 0):
 garbage-first heap   total 196608K, used 10349K [0x0000000741c00000, 0x0000000800000000)
  region size 2048K, 1 young (2048K), 1 survivors (2048K)
 Metaspace       used 12290K, committed 12416K, reserved 1114112K
  class space    used 1352K, committed 1408K, reserved 1048576K
}

Dll operation events (2 events):
Event: 0.007 Loaded shared library C:\Program Files\Android\Android Studio1\jbr\bin\java.dll
Event: 0.240 Loaded shared library C:\Program Files\Android\Android Studio1\jbr\bin\verify.dll

Deoptimization events (20 events):
Event: 39.807 Thread 0x00000181fc9ac070 DEOPT PACKING pc=0x00000181e67965ec sp=0x00000055d43fe9f0
Event: 39.808 Thread 0x00000181fc9ac070 DEOPT UNPACKING pc=0x00000181e62169a3 sp=0x00000055d43fe9c0 mode 2
Event: 39.808 Thread 0x00000181fc9ac070 Uncommon trap: trap_request=0xffffff45 fr.pc=0x00000181e67799b0 relative=0x0000000000000210
Event: 39.808 Thread 0x00000181fc9ac070 Uncommon trap: reason=unstable_if action=reinterpret pc=0x00000181e67799b0 method=java.lang.String.isLatin1()Z @ 10 c2
Event: 39.808 Thread 0x00000181fc9ac070 DEOPT PACKING pc=0x00000181e67799b0 sp=0x00000055d43fe6a0
Event: 39.808 Thread 0x00000181fc9ac070 DEOPT UNPACKING pc=0x00000181e62169a3 sp=0x00000055d43fe600 mode 2
Event: 40.123 Thread 0x00000181d9fb2510 Uncommon trap: trap_request=0xffffff45 fr.pc=0x00000181e6776334 relative=0x0000000000000334
Event: 40.123 Thread 0x00000181d9fb2510 Uncommon trap: reason=unstable_if action=reinterpret pc=0x00000181e6776334 method=java.lang.StringUTF16.compress([CI[BII)I @ 20 c2
Event: 40.123 Thread 0x00000181d9fb2510 DEOPT PACKING pc=0x00000181e6776334 sp=0x00000055d2cfbde0
Event: 40.123 Thread 0x00000181d9fb2510 DEOPT UNPACKING pc=0x00000181e62169a3 sp=0x00000055d2cfbd60 mode 2
Event: 54.105 Thread 0x00000181d9fb2510 DEOPT PACKING pc=0x00000181def89bfe sp=0x00000055d2cfbe60
Event: 54.105 Thread 0x00000181d9fb2510 DEOPT UNPACKING pc=0x00000181e6217143 sp=0x00000055d2cfb2d0 mode 0
Event: 483.997 Thread 0x00000181d9fb2510 DEOPT PACKING pc=0x00000181def89bfe sp=0x00000055d2cfc2d0
Event: 483.997 Thread 0x00000181d9fb2510 DEOPT UNPACKING pc=0x00000181e6217143 sp=0x00000055d2cfb740 mode 0
Event: 483.997 Thread 0x00000181d9fb2510 DEOPT PACKING pc=0x00000181def89bfe sp=0x00000055d2cfc2d0
Event: 483.997 Thread 0x00000181d9fb2510 DEOPT UNPACKING pc=0x00000181e6217143 sp=0x00000055d2cfb740 mode 0
Event: 483.998 Thread 0x00000181d9fb2510 DEOPT PACKING pc=0x00000181def89bfe sp=0x00000055d2cfc2d0
Event: 483.998 Thread 0x00000181d9fb2510 DEOPT UNPACKING pc=0x00000181e6217143 sp=0x00000055d2cfb740 mode 0
Event: 483.999 Thread 0x00000181d9fb2510 DEOPT PACKING pc=0x00000181def89bfe sp=0x00000055d2cfc2d0
Event: 483.999 Thread 0x00000181d9fb2510 DEOPT UNPACKING pc=0x00000181e6217143 sp=0x00000055d2cfb740 mode 0

Classes unloaded (0 events):
No events

Classes redefined (0 events):
No events

Internal exceptions (20 events):
Event: 1.610 Thread 0x00000181d9fb2510 Exception <a 'java/lang/NoSuchMethodError'{0x000000074d341b90}: 'java.lang.Object java.lang.invoke.DirectMethodHandle$Holder.invokeStatic(java.lang.Object, java.lang.Object, int)'> (0x000000074d341b90) 
thrown [s\src\hotspot\share\interpreter\linkResolver.cpp, line 771]
Event: 1.627 Thread 0x00000181d9fb2510 Exception <a 'java/lang/NoSuchMethodError'{0x000000074d34d880}: 'void java.lang.invoke.DelegatingMethodHandle$Holder.delegate(java.lang.Object, java.lang.Object, int, java.lang.Object)'> (0x000000074d34d880) 
thrown [s\src\hotspot\share\interpreter\linkResolver.cpp, line 771]
Event: 1.639 Thread 0x00000181d9fb2510 Exception <a 'java/lang/NoSuchMethodError'{0x000000074d3519c8}: 'int java.lang.invoke.DirectMethodHandle$Holder.invokeSpecial(java.lang.Object, java.lang.Object, java.lang.Object)'> (0x000000074d3519c8) 
thrown [s\src\hotspot\share\interpreter\linkResolver.cpp, line 771]
Event: 1.668 Thread 0x00000181d9fb2510 Exception <a 'java/lang/NoSuchMethodError'{0x000000074d364b80}: 'java.lang.Object java.lang.invoke.Invokers$Holder.invokeExact_MT(java.lang.Object, java.lang.Object, java.lang.Object, java.lang.Object)'> (0x000000074d364b80) 
thrown [s\src\hotspot\share\interpreter\linkResolver.cpp, line 771]
Event: 1.980 Thread 0x00000181d9fb2510 Exception <a 'java/lang/NoSuchMethodError'{0x000000074cd5ec78}: 'java.lang.Object java.lang.invoke.DirectMethodHandle$Holder.invokeInterface(java.lang.Object, java.lang.Object, java.lang.Object)'> (0x000000074cd5ec78) 
thrown [s\src\hotspot\share\interpreter\linkResolver.cpp, line 771]
Event: 2.031 Thread 0x00000181d9fb2510 Implicit null exception at 0x00000181e67af28f to 0x00000181e67af6c0
Event: 2.031 Thread 0x00000181d9fb2510 Implicit null exception at 0x00000181e679ab0f to 0x00000181e679af10
Event: 2.071 Thread 0x00000181d9fb2510 Exception <a 'java/lang/NoSuchMethodError'{0x000000074db12590}: 'java.lang.Object java.lang.invoke.DirectMethodHandle$Holder.invokeStaticInit(java.lang.Object)'> (0x000000074db12590) 
thrown [s\src\hotspot\share\interpreter\linkResolver.cpp, line 771]
Event: 2.282 Thread 0x00000181d9fb2510 Exception <a 'java/lang/NoSuchMethodError'{0x000000074d742be0}: 'java.lang.Object java.lang.invoke.DirectMethodHandle$Holder.invokeStaticInit(java.lang.Object, int, int, int, int)'> (0x000000074d742be0) 
thrown [s\src\hotspot\share\interpreter\linkResolver.cpp, line 771]
Event: 2.603 Thread 0x00000181d9fb2510 Exception <a 'java/lang/NoSuchMethodError'{0x000000074d75d240}: 'java.lang.Object java.lang.invoke.DirectMethodHandle$Holder.invokeStaticInit(java.lang.Object, java.lang.Object, int, int, int, int)'> (0x000000074d75d240) 
thrown [s\src\hotspot\share\interpreter\linkResolver.cpp, line 771]
Event: 2.941 Thread 0x00000181d9fb2510 Exception <a 'java/lang/NoSuchMethodError'{0x000000074d78af58}: 'void java.lang.invoke.DirectMethodHandle$Holder.invokeStatic(java.lang.Object, java.lang.Object, java.lang.Object)'> (0x000000074d78af58) 
thrown [s\src\hotspot\share\interpreter\linkResolver.cpp, line 771]
Event: 2.993 Thread 0x00000181d9fb2510 Implicit null exception at 0x00000181e6794972 to 0x00000181e6794f1c
Event: 2.994 Thread 0x00000181d9fb2510 Implicit null exception at 0x00000181e67a6172 to 0x00000181e67a6734
Event: 3.836 Thread 0x00000181fce6d020 Exception <a 'java/lang/NoSuchMethodError'{0x000000074cef6bf8}: 'void java.lang.invoke.DirectMethodHandle$Holder.invokeStatic(java.lang.Object, long)'> (0x000000074cef6bf8) 
thrown [s\src\hotspot\share\interpreter\linkResolver.cpp, line 771]
Event: 3.838 Thread 0x00000181fce6d020 Exception <a 'java/lang/NoSuchMethodError'{0x000000074cefc2a8}: 'java.lang.Object java.lang.invoke.DirectMethodHandle$Holder.newInvokeSpecial(java.lang.Object, long)'> (0x000000074cefc2a8) 
thrown [s\src\hotspot\share\interpreter\linkResolver.cpp, line 771]
Event: 3.850 Thread 0x00000181fce6d020 Exception <a 'java/lang/NoSuchMethodError'{0x000000074cf07450}: 'java.lang.Object java.lang.invoke.DirectMethodHandle$Holder.invokeStaticInit(java.lang.Object, java.lang.Object, long, java.lang.Object)'> (0x000000074cf07450) 
thrown [s\src\hotspot\share\interpreter\linkResolver.cpp, line 771]
Event: 3.851 Thread 0x00000181fce6d020 Exception <a 'java/lang/NoSuchMethodError'{0x000000074cf0db10}: 'java.lang.Object java.lang.invoke.DirectMethodHandle$Holder.newInvokeSpecial(java.lang.Object, java.lang.Object, long)'> (0x000000074cf0db10) 
thrown [s\src\hotspot\share\interpreter\linkResolver.cpp, line 771]
Event: 3.852 Thread 0x00000181fce6d020 Exception <a 'java/lang/NoSuchMethodError'{0x000000074cf11e00}: 'java.lang.Object java.lang.invoke.Invokers$Holder.linkToTargetMethod(java.lang.Object, long, java.lang.Object)'> (0x000000074cf11e00) 
thrown [s\src\hotspot\share\interpreter\linkResolver.cpp, line 771]
Event: 483.987 Thread 0x00000181d9fb2510 Exception <a 'sun/net/ConnectionResetException'{0x000000074c8128f0}: Connection reset> (0x000000074c8128f0) 
thrown [s\src\hotspot\share\prims\jni.cpp, line 536]
Event: 484.004 Thread 0x00000181d9fb2510 Exception <a 'java/lang/NoSuchMethodError'{0x000000074c847168}: 'int java.lang.invoke.DirectMethodHandle$Holder.invokeVirtual(java.lang.Object, java.lang.Object)'> (0x000000074c847168) 
thrown [s\src\hotspot\share\interpreter\linkResolver.cpp, line 771]

VM Operations (20 events):
Event: 66.121 Executing VM operation: Cleanup
Event: 66.121 Executing VM operation: Cleanup done
Event: 71.125 Executing VM operation: Cleanup
Event: 71.125 Executing VM operation: Cleanup done
Event: 81.128 Executing VM operation: Cleanup
Event: 81.128 Executing VM operation: Cleanup done
Event: 165.172 Executing VM operation: Cleanup
Event: 165.172 Executing VM operation: Cleanup done
Event: 242.196 Executing VM operation: Cleanup
Event: 242.196 Executing VM operation: Cleanup done
Event: 246.197 Executing VM operation: Cleanup
Event: 246.197 Executing VM operation: Cleanup done
Event: 270.203 Executing VM operation: Cleanup
Event: 270.203 Executing VM operation: Cleanup done
Event: 271.203 Executing VM operation: Cleanup
Event: 271.203 Executing VM operation: Cleanup done
Event: 483.994 Executing VM operation: HandshakeAllThreads
Event: 483.995 Executing VM operation: HandshakeAllThreads done
Event: 483.995 Executing VM operation: Cleanup
Event: 483.995 Executing VM operation: Cleanup done

Events (20 events):
Event: 18.757 loading class jdk/internal/reflect/ClassFileAssembler
Event: 18.757 loading class jdk/internal/reflect/ClassFileAssembler done
Event: 18.758 loading class jdk/internal/reflect/UTF8
Event: 18.758 loading class jdk/internal/reflect/UTF8 done
Event: 18.760 loading class jdk/internal/reflect/Label
Event: 18.760 loading class jdk/internal/reflect/Label done
Event: 18.760 loading class jdk/internal/reflect/Label$PatchInfo
Event: 18.761 loading class jdk/internal/reflect/Label$PatchInfo done
Event: 18.761 loading class jdk/internal/reflect/MethodAccessorGenerator$1
Event: 18.761 loading class jdk/internal/reflect/MethodAccessorGenerator$1 done
Event: 18.761 loading class jdk/internal/reflect/ClassDefiner
Event: 18.761 loading class jdk/internal/reflect/ClassDefiner done
Event: 18.761 loading class jdk/internal/reflect/ClassDefiner$1
Event: 18.761 loading class jdk/internal/reflect/ClassDefiner$1 done
Event: 39.808 loading class sun/nio/cs/Surrogate$Parser
Event: 39.808 loading class sun/nio/cs/Surrogate$Parser done
Event: 39.808 loading class sun/nio/cs/Surrogate
Event: 39.808 loading class sun/nio/cs/Surrogate done
Event: 483.986 loading class sun/net/ConnectionResetException
Event: 483.987 loading class sun/net/ConnectionResetException done


Dynamic libraries:
0x00007ff6b1830000 - 0x00007ff6b183a000 	C:\Program Files\Android\Android Studio1\jbr\bin\java.exe
0x00007fffc8120000 - 0x00007fffc8301000 	C:\Windows\SYSTEM32\ntdll.dll
0x00007fffc7190000 - 0x00007fffc7242000 	C:\Windows\System32\KERNEL32.DLL
0x00007fffc4800000 - 0x00007fffc4a73000 	C:\Windows\System32\KERNELBASE.dll
0x00007fffc4560000 - 0x00007fffc465a000 	C:\Windows\System32\ucrtbase.dll
0x00007fffb6240000 - 0x00007fffb6257000 	C:\Program Files\Android\Android Studio1\jbr\bin\jli.dll
0x00007fffb6260000 - 0x00007fffb627b000 	C:\Program Files\Android\Android Studio1\jbr\bin\VCRUNTIME140.dll
0x00007fffc5830000 - 0x00007fffc59c0000 	C:\Windows\System32\USER32.dll
0x00007fffb56e0000 - 0x00007fffb5949000 	C:\Windows\WinSxS\amd64_microsoft.windows.common-controls_6595b64144ccf1df_6.0.17134.228_none_fb4599993062b194\COMCTL32.dll
0x00007fffc4540000 - 0x00007fffc4560000 	C:\Windows\System32\win32u.dll
0x00007fffc5780000 - 0x00007fffc581e000 	C:\Windows\System32\msvcrt.dll
0x00007fffc80c0000 - 0x00007fffc80e8000 	C:\Windows\System32\GDI32.dll
0x00007fffc4660000 - 0x00007fffc47f2000 	C:\Windows\System32\gdi32full.dll
0x00007fffc7d20000 - 0x00007fffc8043000 	C:\Windows\System32\combase.dll
0x00007fffc5510000 - 0x00007fffc55af000 	C:\Windows\System32\msvcp_win.dll
0x00007fffc7a60000 - 0x00007fffc7b84000 	C:\Windows\System32\RPCRT4.dll
0x00007fffc5190000 - 0x00007fffc520a000 	C:\Windows\System32\bcryptPrimitives.dll
0x00007fffc76a0000 - 0x00007fffc76cd000 	C:\Windows\System32\IMM32.DLL
0x00007fffbf090000 - 0x00007fffbf09c000 	C:\Program Files\Android\Android Studio1\jbr\bin\vcruntime140_1.dll
0x00007fffacbc0000 - 0x00007fffacc4d000 	C:\Program Files\Android\Android Studio1\jbr\bin\msvcp140.dll
0x00007fff65d00000 - 0x00007fff66983000 	C:\Program Files\Android\Android Studio1\jbr\bin\server\jvm.dll
0x00007fffc77b0000 - 0x00007fffc7851000 	C:\Windows\System32\ADVAPI32.dll
0x00007fffc55c0000 - 0x00007fffc561b000 	C:\Windows\System32\sechost.dll
0x00007fffc4430000 - 0x00007fffc447c000 	C:\Windows\System32\POWRPROF.dll
0x00007fffbd8b0000 - 0x00007fffbd8d3000 	C:\Windows\SYSTEM32\WINMM.dll
0x00007fffc11d0000 - 0x00007fffc11d9000 	C:\Windows\SYSTEM32\WSOCK32.dll
0x00007fffb6210000 - 0x00007fffb621a000 	C:\Windows\SYSTEM32\VERSION.dll
0x00007fffc8050000 - 0x00007fffc80bc000 	C:\Windows\System32\WS2_32.dll
0x00007fffbd880000 - 0x00007fffbd8aa000 	C:\Windows\SYSTEM32\WINMMBASE.dll
0x00007fffc44f0000 - 0x00007fffc4539000 	C:\Windows\System32\cfgmgr32.dll
0x00007fffc4480000 - 0x00007fffc4491000 	C:\Windows\System32\kernel.appcore.dll
0x00007fffb5a90000 - 0x00007fffb5a9a000 	C:\Program Files\Android\Android Studio1\jbr\bin\jimage.dll
0x00007fffafac0000 - 0x00007fffafc89000 	C:\Windows\SYSTEM32\DBGHELP.DLL
0x00007fffaf8c0000 - 0x00007fffaf8e9000 	C:\Windows\SYSTEM32\dbgcore.DLL
0x00007fffb5a50000 - 0x00007fffb5a75000 	C:\Program Files\Android\Android Studio1\jbr\bin\java.dll
0x00007fffae710000 - 0x00007fffae728000 	C:\Program Files\Android\Android Studio1\jbr\bin\zip.dll
0x00007fffc5cb0000 - 0x00007fffc70f0000 	C:\Windows\System32\SHELL32.dll
0x00007fffc7c70000 - 0x00007fffc7d19000 	C:\Windows\System32\shcore.dll
0x00007fffc4a80000 - 0x00007fffc518d000 	C:\Windows\System32\windows.storage.dll
0x00007fffc7860000 - 0x00007fffc78b1000 	C:\Windows\System32\shlwapi.dll
0x00007fffc44b0000 - 0x00007fffc44cf000 	C:\Windows\System32\profapi.dll
0x00007fffc44a0000 - 0x00007fffc44aa000 	C:\Windows\System32\FLTLIB.DLL
0x00007fffacba0000 - 0x00007fffacbb9000 	C:\Program Files\Android\Android Studio1\jbr\bin\net.dll
0x00007fffbcec0000 - 0x00007fffbcf9c000 	C:\Windows\SYSTEM32\WINHTTP.dll
0x00007fffc3c50000 - 0x00007fffc3cb6000 	C:\Windows\system32\mswsock.dll
0x00007fffac3a0000 - 0x00007fffac3b6000 	C:\Program Files\Android\Android Studio1\jbr\bin\nio.dll
0x00007fffb1c10000 - 0x00007fffb1c20000 	C:\Program Files\Android\Android Studio1\jbr\bin\verify.dll
0x00007fffac050000 - 0x00007fffac077000 	C:\Users\sata\.gradle\native\e1d6ef7f7dcc3fd88c89a11ec53ec762bb8ba0a96d01ffa2cd45eb1d1d8dd5c5\windows-amd64\native-platform.dll
0x00007fffafc90000 - 0x00007fffafc99000 	C:\Program Files\Android\Android Studio1\jbr\bin\management.dll
0x00007fffae7b0000 - 0x00007fffae7bb000 	C:\Program Files\Android\Android Studio1\jbr\bin\management_ext.dll
0x00007fffc76d0000 - 0x00007fffc76d8000 	C:\Windows\System32\PSAPI.DLL
0x00007fffc3e00000 - 0x00007fffc3e17000 	C:\Windows\SYSTEM32\CRYPTSP.dll
0x00007fffc3830000 - 0x00007fffc3863000 	C:\Windows\system32\rsaenh.dll
0x00007fffc3f30000 - 0x00007fffc3f55000 	C:\Windows\SYSTEM32\bcrypt.dll
0x00007fffc4360000 - 0x00007fffc4388000 	C:\Windows\SYSTEM32\USERENV.dll
0x00007fffc3e20000 - 0x00007fffc3e2b000 	C:\Windows\SYSTEM32\CRYPTBASE.dll
0x00007fffc39d0000 - 0x00007fffc3a08000 	C:\Windows\SYSTEM32\IPHLPAPI.DLL
0x00007fffc55b0000 - 0x00007fffc55b8000 	C:\Windows\System32\NSI.dll
0x00007fffbebf0000 - 0x00007fffbec06000 	C:\Windows\SYSTEM32\dhcpcsvc6.DLL
0x00007fffbebd0000 - 0x00007fffbebea000 	C:\Windows\SYSTEM32\dhcpcsvc.DLL
0x00007fffb5a20000 - 0x00007fffb5a27000 	C:\Windows\system32\wshunix.dll

dbghelp: loaded successfully - version: 4.0.5 - missing functions: none
symbol engine: initialized successfully - sym options: 0x614 - pdb path: .;C:\Program Files\Android\Android Studio1\jbr\bin;C:\Windows\SYSTEM32;C:\Windows\WinSxS\amd64_microsoft.windows.common-controls_6595b64144ccf1df_6.0.17134.228_none_fb4599993062b194;C:\Program Files\Android\Android Studio1\jbr\bin\server;C:\Users\sata\.gradle\native\e1d6ef7f7dcc3fd88c89a11ec53ec762bb8ba0a96d01ffa2cd45eb1d1d8dd5c5\windows-amd64

VM Arguments:
jvm_args: -Dorg.gradle.appname=gradlew 
java_command: org.gradle.wrapper.GradleWrapperMain -q -Ptarget-platform=android-arm,android-arm64,android-x64 -Ptarget=lib\main.dart -Pbase-application-name=android.app.Application -Pdart-obfuscation=false -Ptrack-widget-creation=true -Ptree-shake-icons=true assembleRelease
java_class_path (initial): H:\fluxstore-shopify-5-9-2024\FluxStore-Shopify-ver4.2\android\\gradle\wrapper\gradle-wrapper.jar
Launcher Type: SUN_STANDARD

[Global flags]
     intx CICompilerCount                          = 3                                         {product} {ergonomic}
     uint ConcGCThreads                            = 1                                         {product} {ergonomic}
     uint G1ConcRefinementThreads                  = 4                                         {product} {ergonomic}
   size_t G1HeapRegionSize                         = 2097152                                   {product} {ergonomic}
    uintx GCDrainStackTargetSize                   = 64                                        {product} {ergonomic}
   size_t InitialHeapSize                          = 201326592                                 {product} {ergonomic}
   size_t MarkStackSize                            = 4194304                                   {product} {ergonomic}
   size_t MaxHeapSize                              = 3191865344                                {product} {ergonomic}
   size_t MaxNewSize                               = 1914699776                                {product} {ergonomic}
   size_t MinHeapDeltaBytes                        = 2097152                                   {product} {ergonomic}
   size_t MinHeapSize                              = 8388608                                   {product} {ergonomic}
    uintx NonNMethodCodeHeapSize                   = 5832780                                {pd product} {ergonomic}
    uintx NonProfiledCodeHeapSize                  = 122912730                              {pd product} {ergonomic}
    uintx ProfiledCodeHeapSize                     = 122912730                              {pd product} {ergonomic}
    uintx ReservedCodeCacheSize                    = 251658240                              {pd product} {ergonomic}
     bool SegmentedCodeCache                       = true                                      {product} {ergonomic}
   size_t SoftMaxHeapSize                          = 3191865344                             {manageable} {ergonomic}
     bool UseCompressedClassPointers               = true                           {product lp64_product} {ergonomic}
     bool UseCompressedOops                        = true                           {product lp64_product} {ergonomic}
     bool UseG1GC                                  = true                                      {product} {ergonomic}
     bool UseLargePagesIndividualAllocation        = false                                  {pd product} {ergonomic}

Logging:
Log output configuration:
 #0: stdout all=warning uptime,level,tags
 #1: stderr all=off uptime,level,tags

Environment Variables:
JAVA_HOME=C:\Program Files\Android\Android Studio1\jbr
CLASSPATH=H:\fluxstore-shopify-5-9-2024\FluxStore-Shopify-ver4.2\android\\gradle\wrapper\gradle-wrapper.jar
PATH=C:\Program Files\Android\Android Studio1\jbr\bin;C:\src\flutter\bin\;C:\Program Files (x86)\VMware\VMware Workstation\bin\;C:\Windows\system32;C:\Windows;C:\Windows\System32\Wbem;C:\Windows\System32\WindowsPowerShell\v1.0\;C:\Windows\System32\OpenSSH\;C:\Program Files\Git\cmd;C:\xampp\php;C:\ProgramData\ComposerSetup\bin;C:\Program Files\nodejs\;C:\Program Files\PuTTY\;C:\Users\sata\AppData\Local\Microsoft\WindowsApps;C:\src\flutter\bin;C:\Users\sata\AppData\Local\Programs\Microsoft VS Code\bin;C:\tools\dart-sdk\bin;C:\Users\sata\AppData\Roaming\Composer\vendor\bin;C:\xampp\php;C:\Users\sata\AppData\Roaming\npm;C:\Program Files\nodejs;C:\Users\sata\.jdks\openjdk-22.0.1\bin;;C:\src\flutter\bin\mingit\cmd
USERNAME=sata
LANG=en_US.UTF-8
OS=Windows_NT
PROCESSOR_IDENTIFIER=Intel64 Family 6 Model 58 Stepping 9, GenuineIntel
TMP=C:\Users\sata\AppData\Local\Temp
TEMP=C:\Users\sata\AppData\Local\Temp



Periodic native trim disabled

JNI global refs:
JNI global refs: 19, weak refs: 3

JNI global refs memory usage: 843, weak refs: 841

OOME stack traces (most recent first):
Classloader memory used:
Loader bootstrap                                                                       : 1724K
Loader org.gradle.internal.classloader.VisitableURLClassLoader                         : 536K
Loader java.net.URLClassLoader                                                         : 25097B
Loader jdk.internal.loader.ClassLoaders$AppClassLoader                                 : 18431B
Loader jdk.internal.loader.ClassLoaders$PlatformClassLoader                            : 14833B
Loader jdk.internal.reflect.DelegatingClassLoader                                      : 522B

Classes loaded by more than one classloader:
Class org.gradle.internal.installation.GradleInstallation                             : loaded 2 times (x 73B)
Class org.gradle.cli.ParsedCommandLine                                                : loaded 2 times (x 78B)
Class org.gradle.internal.classpath.ClassPath                                         : loaded 2 times (x 68B)
Class org.gradle.api.internal.classpath.DefaultModuleRegistry                         : loaded 2 times (x 84B)
Class org.gradle.api.Action                                                           : loaded 2 times (x 68B)
Class org.gradle.cli.CommandLineParser$OptionString                                   : loaded 2 times (x 71B)
Class org.gradle.internal.installation.GradleInstallation$1                           : loaded 2 times (x 73B)
Class org.gradle.cli.CommandLineParser$AfterOptions                                   : loaded 2 times (x 75B)
Class org.gradle.cli.CommandLineParser$AfterFirstSubCommand                           : loaded 2 times (x 75B)
Class org.gradle.internal.classloader.ClassLoaderVisitor                              : loaded 2 times (x 74B)
Class org.gradle.internal.service.UnknownServiceException                             : loaded 2 times (x 81B)
Class org.gradle.api.GradleException                                                  : loaded 2 times (x 80B)
Class org.gradle.api.internal.classpath.ModuleRegistry                                : loaded 2 times (x 68B)
Class org.gradle.cli.CommandLineParser$KnownOptionParserState                         : loaded 2 times (x 74B)
Class org.gradle.internal.classloader.ClasspathUtil$1                                 : loaded 2 times (x 74B)
Class org.gradle.cli.AbstractPropertiesCommandLineConverter                           : loaded 2 times (x 81B)
Class org.gradle.api.internal.classpath.ManifestUtil                                  : loaded 2 times (x 69B)
Class org.gradle.api.specs.Spec                                                       : loaded 2 times (x 68B)
Class org.gradle.cli.SystemPropertiesCommandLineConverter                             : loaded 2 times (x 81B)
Class org.gradle.internal.IoActions                                                   : loaded 2 times (x 69B)
Class org.gradle.api.internal.classpath.EffectiveClassPath                            : loaded 2 times (x 88B)
Class org.gradle.internal.installation.CurrentGradleInstallation                      : loaded 2 times (x 71B)
Class org.gradle.internal.installation.CurrentGradleInstallationLocator               : loaded 2 times (x 69B)
Class org.gradle.api.internal.classpath.Module                                        : loaded 2 times (x 68B)
Class org.gradle.internal.classpath.DefaultClassPath                                  : loaded 2 times (x 88B)
Class org.gradle.api.Transformer                                                      : loaded 2 times (x 68B)
Class org.gradle.cli.CommandLineParser                                                : loaded 2 times (x 77B)
Class org.gradle.cli.CommandLineParser$BeforeFirstSubCommand                          : loaded 2 times (x 75B)
Class org.gradle.internal.classloader.SystemClassLoaderSpec                           : loaded 2 times (x 69B)
Class org.gradle.cli.CommandLineOption                                                : loaded 2 times (x 84B)
Class org.gradle.cli.CommandLineParser$ParserState                                    : loaded 2 times (x 74B)
Class org.gradle.cli.CommandLineParser$MissingOptionArgState                          : loaded 2 times (x 75B)
Class org.gradle.api.UncheckedIOException                                             : loaded 2 times (x 80B)
Class org.gradle.cli.ParsedCommandLineOption                                          : loaded 2 times (x 74B)
Class org.gradle.internal.classloader.ClasspathUtil                                   : loaded 2 times (x 69B)
Class org.gradle.api.internal.classpath.DefaultModuleRegistry$DefaultModule           : loaded 2 times (x 84B)
Class org.gradle.cli.CommandLineParser$UnknownOptionParserState                       : loaded 2 times (x 74B)
Class org.gradle.api.internal.classpath.UnknownModuleException                        : loaded 2 times (x 80B)
Class org.gradle.internal.service.ServiceLookupException                              : loaded 2 times (x 80B)
Class org.gradle.cache.GlobalCache                                                    : loaded 2 times (x 68B)
Class org.gradle.util.internal.GUtil                                                  : loaded 2 times (x 69B)
Class org.gradle.internal.classloader.ClassLoaderSpec                                 : loaded 2 times (x 69B)
Class org.gradle.cli.CommandLineParser$OptionAwareParserState                         : loaded 2 times (x 75B)
Class org.gradle.cli.CommandLineParser$OptionParserState                              : loaded 2 times (x 73B)
Class org.gradle.internal.Cast                                                        : loaded 2 times (x 69B)
Class org.gradle.internal.classloader.ClassLoaderHierarchy                            : loaded 2 times (x 68B)
Class org.gradle.cli.CommandLineConverter                                             : loaded 2 times (x 68B)
Class org.gradle.internal.classpath.DefaultClassPath$ImmutableUniqueList              : loaded 2 times (x 159B)
Class org.gradle.cli.AbstractCommandLineConverter                                     : loaded 2 times (x 77B)
Class org.gradle.cli.CommandLineArgumentException                                     : loaded 2 times (x 80B)


---------------  S Y S T E M  ---------------

OS:
 Windows 10 , 64 bit Build 17134 (10.0.17134.1)
OS uptime: 0 days 8:40 hours

CPU: total 4 (initial active 4) (2 cores per cpu, 2 threads per core) family 6 model 58 stepping 9 microcode 0x1c, cx8, cmov, fxsr, ht, mmx, sse, sse2, sse3, ssse3, sse4.1, sse4.2, popcnt, tsc, tscinvbit, avx, aes, erms, clmul, vzeroupper, clflush
Processor Information for all 4 processors :
  Max Mhz: 2501, Current Mhz: 2500, Mhz Limit: 2475

Memory: 4k page, system-wide physical 12175M (707M free)
TotalPageFile size 18034M (AvailPageFile size 11M)
current process WorkingSet (physical memory assigned to process): 88M, peak: 90M
current process commit charge ("private bytes"): 288M, peak: 293M

vm_info: OpenJDK 64-Bit Server VM (17.0.9+0--11185874) for windows-amd64 JRE (17.0.9+0--11185874), built on Dec  6 2023 18:57:44 by "androidbuild" with MS VC++ 16.10 / 16.11 (VS2019)

END.
